Module iotlock is in DEFALUT mode
Compiling iotlock\gprs\src\lock_net.c ... 
"header_temp\gui_typedef.h", line 4033: Warning:  #14-D: extra text after expected end of preprocessing directive
  #endif  /__MMI_AUDIO_REVERB_EFFECT__
          ^
"iotlock\gprs\src\lock_net.c", line 619: Warning:  #177-D: variable "ret_connect" was declared but never referenced
  	kal_int8 ret_connect=SOC_ERROR;
  	         ^
"iotlock\gprs\src\lock_net.c", line 786: Warning:  #223-D: function "nvram_external_read_data" declared implicitly
  	ReadRecordIot(NVRAM_EF_IOT_LOCK_LID, 1, &info, NVRAM_EF_IOT_LOCK_SIZE);
  	^
"iotlock\gprs\src\lock_net.c", line 791: Warning:  #223-D: function "nvram_external_write_data" declared implicitly
  	WriteRecordIot(NVRAM_EF_IOT_LOCK_LID, 1, &info, NVRAM_EF_IOT_LOCK_SIZE);
  	^
"iotlock\gprs\src\lock_net.c", line 988: Warning:  #177-D: variable "ptr2" was declared but never referenced
  	char *ptr2 = NULL;
  	      ^
"iotlock\gprs\src\lock_net.c", line 1056: Warning:  #550-D: variable "aes_body_len" was set but never used
  			kal_uint32 aes_body_len = 0;
  			           ^
"iotlock\gprs\src\lock_net.c", line 1057: Warning:  #550-D: variable "aes_msg_body" was set but never used
  			Byte aes_msg_body[1024] = {0};
  			     ^
"iotlock\gprs\src\lock_net.c", line 1266: Warning:  #177-D: variable "connect_time" was declared but never referenced
  	kal_uint32 connect_time = 0;
  	           ^
"iotlock\gprs\src\lock_net.c", line 1267: Warning:  #177-D: variable "no_data_time" was declared but never referenced
  	kal_uint32 no_data_time = 0;
  	           ^
"iotlock\gprs\src\lock_net.c", line 1268: Warning:  #177-D: variable "curr_time" was declared but never referenced
  	applib_time_struct curr_time = {0};
  	                   ^
"iotlock\gprs\src\lock_net.c", line 1277: Warning:  #223-D: function "iot_get_bkup_nv_third_byte" declared implicitly
  	g_lock_cntx.uart1_state = iot_get_bkup_nv_third_byte();
  	                          ^
"iotlock\gprs\src\lock_net.c", line 1281: Warning:  #188-D: enumerated type mixed with another type
  		iot_uart1_power_ctrl(0);
  		                     ^
"iotlock\gprs\src\lock_net.c", line 1286: Warning:  #188-D: enumerated type mixed with another type
  		iot_uart1_power_ctrl(1);
  		                     ^
"iotlock\gprs\src\lock_net.c", line 1306: Warning:  #223-D: function "nvram_external_read_data" declared implicitly
  	ReadRecordIot(NVRAM_EF_IOT_LOCK_LID, 1, &lock_info, NVRAM_EF_IOT_LOCK_SIZE);
  	^
"iotlock\gprs\src\lock_net.c", line 1310: Warning:  #223-D: function "nvram_external_write_data" declared implicitly
  		WriteRecordIot(NVRAM_EF_IOT_LOCK_LID, 1, &lock_info, NVRAM_EF_IOT_LOCK_SIZE);
  		^
"iotlock\gprs\src\lock_net.c", line 1343: Warning:  #188-D: enumerated type mixed with another type
  	set_curr_mode(lock_info.mode);
  	              ^
"iotlock\gprs\src\lock_net.c", line 1359: Warning:  #188-D: enumerated type mixed with another type
  		g_normal_open_lock_state = TRUE;
  		                         ^
"iotlock\gprs\src\lock_net.c", line 1485: Warning:  #177-D: variable "tone_path" was declared but never referenced
  		kal_uint8 tone_path[520] = {0};
  		          ^
"iotlock\gprs\src\lock_net.c", line 1653: Warning:  #111-D: statement is unreachable
  				break;
  				^
"iotlock\gprs\src\lock_net.c", line 1721: Warning:  #167-D: argument of type "kal_int8 *" is incompatible with parameter of type "char *"
  				if(voice_download_epofile_property(g_lock_cntx.download_recv_buf,ret_recv) == KAL_FALSE){
  				                                   ^
"iotlock\gprs\src\lock_net.c", line 1722: Warning:  #117-D: non-void function "voice_dn_deal_with_receiving_packet" should return a value
  					return;
  					      ^
"iotlock\gprs\src\lock_net.c", line 1741: Warning:  #111-D: statement is unreachable
  				break;
  				^
"iotlock\gprs\src\lock_net.c", line 1812: Warning:  #167-D: argument of type "kal_int8 *" is incompatible with parameter of type "U8 *"
  			if(voice_dn_deal_with_receiving_packet(g_lock_cntx.download_recv_buf,g_lock_cntx.download_recv_buf_len) == voicedownload_type_fail){
  			                                       ^
"iotlock\gprs\src\lock_net.c", line 1777: Warning:  #177-D: variable "i" was declared but never referenced
  	int i;
  	    ^
"iotlock\gprs\src\lock_net.c", line 1778: Warning:  #177-D: variable "len" was declared but never referenced
  	U32 len=0;
  	    ^
"iotlock\gprs\src\lock_net.c", line 1779: Warning:  #177-D: variable "sum_temp" was declared but never referenced
  	int sum_temp;
  	    ^
"iotlock\gprs\src\lock_net.c", line 1837: Warning:  #177-D: variable "ret" was declared but never referenced
  	int ret;
  	    ^
"iotlock\gprs\src\lock_net.c", line 1840: Warning:  #177-D: variable "i" was declared but never referenced
  	int i;
  	    ^
"iotlock\gprs\src\lock_net.c", line 1841: Warning:  #177-D: variable "fileHandle" was declared but never referenced
  	U32  fileHandle;
  	     ^
"iotlock\gprs\src\lock_net.c", line 1873: Warning:  #167-D: argument of type "unsigned char *" is incompatible with parameter of type "char *restrict"
  		sprintf(buf+i*2,"%02X",hash[i]);	
  		        ^
"iotlock\gprs\src\lock_net.c", line 1877: Warning:  #167-D: argument of type "unsigned char *" is incompatible with parameter of type "const char *"
  	if(strcmp(buf,g_lock_cntx.check_sum) == 0){
  	          ^
"iotlock\gprs\src\lock_net.c", line 1869: Warning:  #177-D: variable "temp" was declared but never referenced
  	unsigned char temp;
  	              ^
"iotlock\gprs\src\lock_net.c", line 1931: Warning:  #177-D: variable "ret" was declared but never referenced
  	kal_int32   ret = 0;
  	            ^
"iotlock\gprs\src\lock_net.c", line 1954: Warning:  #188-D: enumerated type mixed with another type
  	relay_ctrl = !relay_ctrl;
  	           ^
"iotlock\gprs\src\lock_net.c", line 59: Warning:  #550-D: variable "rec_len" was set but never used
  static int rec_len = 0;
             ^
"iotlock\gprs\src\lock_net.c", line 60: Warning:  #550-D: variable "bGetHttpHead" was set but never used
  static MMI_BOOL bGetHttpHead = MMI_FALSE;
                  ^
"iotlock\gprs\src\lock_net.c", line 64: Warning:  #177-D: variable "gprs_time" was declared but never referenced
  static kal_uint32 gprs_time = 0;
                    ^
"iotlock\gprs\src\lock_net.c", line 369: Warning: C3017W: dns_ind may be used before being set
	app_soc_get_host_by_name_ind_struct* dns_ind;
                                      ^
iotlock\gprs\src\lock_net.c: 38 warnings, 0 errors
make[2]: Entering directory `D:/AIOT-WORKSHOP/AIoT_MT2503AVE_SDK/11CW1418SP4_03_CORETEK03AE_11C_V1_GPRS_MMI'
CFLAGS = --cpu ARM7EJ-S --littleend -O3 --remove_unneeded_entities -D__RVCT__ -JC:\ARM\RVCT\Data\3.1\569\include\windows --fpmode=ieee_fixed --split_sections --diag_suppress 1,1295,1296,2548 --dwarf2 -D__SERIAL_FLASH_EN__ -D__SERIAL_FLASH_SUPPORT__ --bss_threshold=0
CPLUSFLAGS = --cpp --cpu ARM7EJ-S --littleend -O3 --remove_unneeded_entities -D__RVCT__ -JC:\ARM\RVCT\Data\3.1\569\include\windows --fpmode=ieee_fixed --split_sections --diag_suppress 1,1295,1296,2548 --dwarf2 --bss_threshold=0
AFLAGS = --debug --littleend --cpu ARM7EJ-S --apcs /interwork -16
ADEFS = -pd "MT2502 SETL {TRUE}" -pd "MT2502_S00 SETL {TRUE}" -pd "__SV5_ENABLED__ SETL {TRUE}" -pd "__EVENT_BASED_TIMER__ SETL {TRUE}" -pd "__PRODUCTION_RELEASE__ SETL {TRUE}" -pd "KAL_ON_NUCLEUS SETL {TRUE}" -pd "__CHIP_VERSION_CHECK__ SETL {TRUE}" -pd "__KEYPAD_DEBUG_TRACE__ SETL {TRUE}" -pd "ESAL_AR_STK_FPU_SUPPORT SETL {FALSE}" -pd "__ARM_FPUV2__ SETL {FALSE}" -pd "__SERIAL_FLASH_EN__ SETL {TRUE}" -pd "__SERIAL_FLASH_SUPPORT__ SETL {TRUE}"
C:\ARM\RVCT\Programs\3.1\569\win_32-pentium\armar.exe -create ./build/CORETEK03AE_11C/gprs/MT2502o/lib/iotlock.lib --via .\build\CORETEK03AE_11C\gprs\MT2502o\iotlock\iotlock_sort.via
Warning: L3910W: Old syntax, please use '--create'.
./build/CORETEK03AE_11C/gprs/MT2502o/lib/iotlock.lib is updated
make[2]: Leaving directory `D:/AIOT-WORKSHOP/AIoT_MT2503AVE_SDK/11CW1418SP4_03_CORETEK03AE_11C_V1_GPRS_MMI'
