USERNAME=MiladuoSoft
START TIME=2019/06/04 20:15:05 
BUILD START TIME=2019/06/04 20:15:06 
NUMBER_OF_PROCESSORS=4 
BUILD_MACHINE=MILADUOSOFT-PC 
ckmake START TIME=2019/06/04 20:15:10 
ckmake END TIME=2019/06/04 20:15:13 
mcp_check START TIME=2019/06/04 20:15:20 
mcp_check END TIME=2019/06/04 20:15:21 
gen_infolog START TIME=2019/06/04 20:15:21 
gen_infolog END TIME=2019/06/04 20:15:22 
gen_infomakelog START TIME=2019/06/04 20:15:22 
gen_infomakelog END TIME=2019/06/04 20:15:24 
mmi_feature_check START TIME=2019/06/04 20:15:25 
mmi_feature_check END TIME=2019/06/04 20:15:28 
genlog START TIME=2019/06/04 20:15:28 
genlog END TIME=2019/06/04 20:15:28 
cleanbin START TIME=2019/06/04 20:15:29 
cleanbin END TIME=2019/06/04 20:15:29 
genverno START TIME=2019/06/04 20:15:30 
genverno END TIME=2019/06/04 20:15:35 
cleanlib START TIME=2019/06/04 20:15:36 
cleanlib END TIME=2019/06/04 20:15:37 
hTogether START TIME=2019/06/04 20:15:45 
hTogether END TIME=2019/06/04 20:15:52 
 START TIME=2019/06/04 20:15:53 
 END TIME=2019/06/04 20:16:04 
LINKING START TIME=2019/06/04 20:16:15 
LINKING END TIME=2019/06/04 20:16:26 
cmmgen START TIME=2019/06/04 20:16:27 
cmmgen END TIME=2019/06/04 20:16:29 
LOCAL_MACHINE=MILADUOSOFT-PC 
CUSTOM=CORETEK03AE_11C
PLATFORM=
PROJECT=gprs
VERNO=SPROCOMM_OFOV1.0.9
ARMLMD_LICENSE_FILE=C:\ARM\Licenses\rvds.dat
COMMAND=make CORETEK03AE_11C GPRS remake iotlock
BUILD END TIME=2019/06/04 20:16:51 
