MENU_CONN_BT_POWER = 30536
MENU_CONN_BT_SCH_AUDIO_DEV = 30537
MENU_CONN_BT_MYDEV = 30538
MENU_CONN_BT_SET_NAME = 30539
MENU_CONN_BT_SET_AUDIO_PATH_PHONE = 30540
MENU_CONN_BT_SET_AUDIO_PATH_HF = 30541
MENU_CONN_BT_SET_DEV_ADDR = 30542
MENU_CONN_BT_SET_STORAGE = 30543
MENU_CONN_BT_SET_AUDIO_PATH = 30544
MENU_CONN_BT_SET_VIS = 30545
MENU_CONN_BT_SET = 30546
MENU_CONN_BT_MAIN = 30547
MENU_ID_SECSET_MAIN_MENU = 31281
MENU_ID_SECSET_SIM1_MENU = 31282
MENU_ID_SECSET_PHONE_SETTING = 31283
MENU_ID_SECSET_SIM1_ENTRY = 31284
MENU_ID_SECSET_SIM1_CHV1_LOCK = 31285
MENU_ID_SECSET_SIM1_CHANGE_CHV1 = 31286
MENU_ID_SECSET_SIM1_CHANGE_CHV2 = 31287
MENU_ID_SECSET_PHONE_LOCK = 31288
MENU_ID_SECSET_CHANGE_PHONE_PASSWORD = 31289
MENU_ID_IMGVIEW_APP = 31484
MENU_ID_IMGVIEW_VIEW_DETAIL = 31485
MENU_ID_IMGVIEW_STORAGE = 31486
MENU_ID_IMGVIEW_VIEW_OPTION_PLAY = 31487
MENU_ID_IMGVIEW_VIEW_OPTION_USE = 31488
MENU_ID_IMGVIEW_VIEW_OPTION_SEND = 31489
MENU_ID_IMGVIEW_VIEW_OPTION_INFO = 31490
MENU_ID_IMGVIEW_VIEW_OPTION = 31491
MENU_ID_IMGVIEW_OPTION_IMG_INFORMATION = 31492
MENU_ID_IMGVIEW_OPTION_IMG_VIEW = 31493
MENU_ID_IMGVIEW_FILE_OPTION = 31494
MENU_ID_IMGVIEW_EMPTY_FOLDER_OPTION = 31495
ORGANIZER_WORLDCLOCK_MENU = 33557
MITEM_WORLDCLOCK_BROWSECITY = 33558
MENU_ID_WC_DST_OPT = 33559
MENU_ID_WC_DST_SETTING = 33560
MENU_ID_WC_DST_CFG_OPT = 33561
MENU_ID_WC_DST_CFG_ON = 33562
MENU_ID_WC_DST_CFG_OFF = 33563
MENU_ID_CALLSET_CALL_CENTER = 33758
MENU_ID_CALLSET_CALL_LOG = 33759
MENU_ID_CALLSET_CALL_WAIT = 33760
MENU_ID_CALLSET_CALL_SETTING = 33761
MENU_ID_CALLSET_CFU_VOICE = 33762
MENU_ID_CALLSET_CFNRC_VOICE = 33763
MENU_ID_CALLSET_CFNRY_VOICE = 33764
MENU_ID_CALLSET_CFB_VOICE = 33765
MENU_ID_CALLSET_CFU_DATA = 33766
MENU_ID_CALLSET_CALLFWD_CANCELALL = 33767
MENU_ID_CALLSET_CALL_FWD = 33768
MENU_ID_CALLSET_MORE = 33769
MENU_ID_CALLSET_ANS_MODE = 33770
MENU_ID_CALLSET_ACTIVATE = 33771
MENU_ID_CALLSET_DEACTIVATE = 33772
MENU_ID_CALLSET_QUERY = 33773
MENU_ID_CALLSET_CF_NUM_EDIT_FROM_PHB = 33774
MENU_ID_CALLSET_CALL_WAIT_OPT = 33775
MENU_ID_CALLSET_ACTIVATE_CF = 33776
MENU_ID_CALLSET_CF_TO_NEW = 33777
MENU_ID_CALLSET_CF_TO_VM = 33778
MENU_ID_CALLSET_CFU_VOICE_OPT = 33779
MENU_ID_CALLSET_CFNRC_VOICE_OPT = 33780
MENU_ID_CALLSET_CFNRY_VOICE_OPT = 33781
MENU_ID_CALLSET_CFB_VOICE_OPT = 33782
MENU_ID_CALLSET_CFU_DATA_OPT = 33783
MENU_ID_CALLSET_CFNRY_TIME_OPT = 33784
MENU_ID_CALLSET_CFNRY_5_SEC = 33785
MENU_ID_CALLSET_CFNRY_10_SEC = 33786
MENU_ID_CALLSET_CFNRY_15_SEC = 33787
MENU_ID_CALLSET_CFNRY_20_SEC = 33788
MENU_ID_CALLSET_CFNRY_25_SEC = 33789
MENU_ID_CALLSET_CFNRY_30_SEC = 33790
MENU_ID_CALLSET_OFF = 33791
MENU_ID_CALLSET_ON = 33792
MENU_ID_CALLSET_ANS_MODE_OPT = 33793
MENU_ID_CALLSET_ANS_MODE_ANYKEY = 33794
MENU_ID_CALLSET_ANS_MODE_AUTO = 33795
MENU_ID_SS_SIM1 = 33909
MENU_ID_SS_SIM2 = 33910
MENU_ID_SS_TYPE_SELECT = 33911
MENU_ID_DTCNT_SIM_1 = 34284
MENU_ID_DATA_CONNECTION_SIM = 34285
SERVICES_DATA_CONNECT_MAIN_MENU_ID = 34286
MENU_ID_DTCNT_OPT_ADD_GPRS = 34287
MENU_ID_DTCNT_ACCOUNT_OPTION = 34288
MENU_ID_DTCNT_OPT_EDIT = 34289
MENU_ID_DTCNT_OPT_DELETE = 34290
MENU_ID_DTCNT_OPT_CHANGE_DEFAULT = 34291
MENU_ID_DTCNT_OPT2_ADD_GPRS = 34292
MENU_ID_DTCNT_ACCOUNT_OPTION2 = 34293
MENU_ID_DTCNT_OPT3_ADD_GPRS = 34294
MENU_ID_DTCNT_ACCOUNT_OPTION3 = 34295
MENU_ID_DTCNT_OPT3_VIEW = 34296
MENU_ID_DTCNT_OPT3_CHANGE_DEFAULT = 34297
MENU_ID_CLOG_DIALED_CALL = 34850
MENU_ID_CLOG_MISSED_CALL = 34851
MENU_ID_CLOG_RECVED_CALL = 34852
MENU_ID_CLOG_ALL_CALL = 34853
MENU_ID_CLOG_DEL_DIALED_CALL = 34854
MENU_ID_CLOG_DEL_MISSED_CALL = 34855
MENU_ID_CLOG_DEL_RECVED_CALL = 34856
MENU_ID_CLOG_DEL_ALL_CALL = 34857
MENU_ID_CLOG_DELETE_BOX = 34858
MEMU_ID_CLOG_CALL_LOG = 34859
MENU_ID_CLOG_SEND_SMS = 34860
MENU_ID_CLOG_DELETE = 34861
MENU_ID_CLOG_DELETE_ALL = 34862
MENU_ID_CLOG_OPTION = 34863
MENU_ID_CLOG_VIEW = 34864
MENU_ID_CLOG_MAKE_CALL = 34865
MENU_ID_CLOG_SAVE_TO_PHB = 34866
MENU_ID_CLOG_EDIT_BEFORE_CALL = 34867
MENU_ID_PROF_GENERAL = 35182
MENU_ID_PROF_SILENT = 35183
MENU_ID_PROF_MEETING = 35184
MENU_ID_PROF_OUTDOOR = 35185
MAIN_MENU_PROFILES_MENUID = 35186
MENU_ID_PROF_ACTIVATE = 35187
MENU_ID_PROF_CUSTOMIZE = 35188
MENU_ID_PROF_RESET = 35189
MENU_ID_PROF_MAIN_OPTIONS = 35190
MENU_ID_PROF_CHANGE = 35191
MENU_ID_PROF_SAVE = 35192
MENU_ID_PROF_CUSTOMIZE_OPTIONS = 35193
MENU_ID_PROF_RING_ONLY = 35194
MENU_ID_PROF_VIB_ONLY = 35195
MENU_ID_PROF_VIB_AND_RING = 35196
MENU_ID_PROF_VIB_THEN_RING = 35197
MENU_ID_PROF_ALERT_TYPE = 35198
MENU_ID_PROF_RINGING = 35199
MENU_ID_PROF_BEEP_ONCE = 35200
MENU_ID_PROF_RING_TYPE = 35201
MENU_ID_PROF_SILENT_TONE = 35202
MENU_ID_PROF_CLICK = 35203
MENU_ID_PROF_TONE = 35204
MENU_ID_PROF_KEYPAD_TONE = 35205
MENU_ID_PROF_SYSTEM_ALERT_ON = 35206
MENU_ID_PROF_SYSTEM_ALERT_OFF = 35207
MENU_ID_PROF_SYSTEM_ALERT = 35208
MENU_ID_PROF_RING_1 = 35209
MENU_ID_PROF_RING_2 = 35210
MENU_ID_PROF_RING_3 = 35211
MENU_ID_PROF_RING_4 = 35212
MENU_ID_PROF_RING_5 = 35213
MENU_ID_PROF_RING_6 = 35214
MENU_ID_PROF_RING_7 = 35215
MENU_ID_PROF_RING_8 = 35216
MENU_ID_PROF_RING_9 = 35217
MENU_ID_PROF_RING_10 = 35218
MENU_ID_PROF_RING_11 = 35219
MENU_ID_PROF_RING_12 = 35220
MENU_ID_PROF_RING_13 = 35221
MENU_ID_PROF_RING_14 = 35222
MENU_ID_PROF_RING_15 = 35223
MENU_ID_PROF_RING_16 = 35224
MENU_ID_PROF_RING_17 = 35225
MENU_ID_PROF_RING_18 = 35226
MENU_ID_PROF_RING_19 = 35227
MENU_ID_PROF_RING_20 = 35228
MENU_ID_PROF_RING_END = 35229
MENU_ID_PROF_OPEN_GALLERY = 35230
MENU_ID_PROF_TONE_SILENT = 35231
MENU_ID_PROF_TONE_1 = 35232
MENU_ID_PROF_TONE_2 = 35233
MENU_ID_PROF_TONE_3 = 35234
MENU_ID_PROF_TONE_4 = 35235
MENU_ID_PROF_TONE_5 = 35236
MENU_ID_PROF_TONE_6 = 35237
MENU_ID_PROF_TONE_7 = 35238
MENU_ID_PROF_TONE_8 = 35239
MENU_ID_PROF_TONE_9 = 35240
MENU_ID_PROF_TONE_10 = 35241
MENU_ID_TONE_SELECTOR = 35242
MENU_ID_PROF_USE_AS_RINGTONE = 35243
MENU_ID_PROF_USE_AS_SIM1_RINGTONE = 35244
MENU_ID_PROF_USE_AS_SIM2_RINGTONE = 35245
MENU_ID_PROF_USE_AS_SIM3_RINGTONE = 35246
MENU_ID_PROF_USE_AS_SIM4_RINGTONE = 35247
MENU_ID_FMGR_DRIVE_OPTIONS = 35413
MENU_ID_FMGR_APP_DRIVE_OPTIONS = 35414
MENU_ID_FMGR_DRIVE_OPEN = 35415
MENU_ID_FMGR_DRIVE_SELECT_DONE = 35416
MENU_ID_FMGR_FOLDER_OPTIONS = 35417
MENU_ID_FMGR_APP_FOLDER_OPTIONS = 35418
MENU_ID_FMGR_FOLDER_OPEN = 35419
MENU_ID_FMGR_FOLDER_CREATE = 35420
MENU_ID_FMGR_FOLDER_SELECT_DONE = 35421
MENU_ID_FMGR_HYPERLINK_OPTIONS = 35422
MENU_ID_FMGR_HYPERLINK_APP_FUNC = 35423
MENU_ID_FMGR_TREE_OPTIONS = 35424
MENU_ID_FMGR_TREE_SELECT = 35425
MENU_ID_FMGR_TREE_OPEN = 35426
MENU_ID_FMGR_GEN_TYPE_OPTIONS = 35427
MENU_ID_FMGR_GEN_OPTION_FORWARD_USE = 35428
MENU_ID_FMGR_GEN_OPTION_FORWARD_SEND = 35429
MENU_ID_FMGR_GEN_OPTION_DETAIL = 35430
MENU_ID_FMGR_GEN_OPTION_RENAME = 35431
MENU_ID_FMGR_GEN_OPTION_COPY = 35432
MENU_ID_FMGR_GEN_OPTION_MOVE = 35433
MENU_ID_FMGR_GEN_OPTION_DELETE = 35434
MENU_ID_FMGR_EDITOR_OPTION = 35435
MENU_ID_FMGR_EDITOR_DONE = 35436
MENU_ID_FMGR_EDITOR_INPUT_METHOD = 35437
MENU_SETTING_WALLPAPER = 35916
MENU_SETTING_WALLPAPER_HOMESCREEN = 35917
MENU_SETTING_WALLPAPER_LOCKSCREEN = 35918
MENU_SETTING_WALLPAPER_SYSTEM = 35919
MENU_SETTING_WALLPAPER_DOWNLOAD = 35920
MENU_SETTING_STATIC_WALLPAPER = 35921
MENU_ID_FMGR_FWD_WALLPAPER = 35922
MENU_SETTING_FLIGHT_MODE = 36219
MENU9102_INITIAL_SETUP = 37145
MENU_SETTING_LANGUAGE = 37146
MENU_SETTING_PREFERED_INPUT_METHOD = 37147
MENU9141_TIME_AND_DATE = 37148
MENU9143_SETTIMEANDDATE = 37149
MENU9144_SETTIMEANDDATEFORMAT = 37150
MENU_ID_TZ_CHANGE_DATETIME = 37151
MENU9142_SETHOMECITY = 37152
MENU_IDLE_SCR_DISP = 37153
MENU_SETTING_SHOW_DT_TIME = 37154
MENU_SETTING_RESTORE = 37346
MENU_ID_SETTING_MREAPPS = 37357
MENU_ID_SETTING_MREAPPS_UNINSTALL = 37358
MENU_ID_NETSET_MAIN = 37378
MENU_ID_NETSET_NETWORK_SELECTION = 37379
MENU_ID_NETSET_NETSEL_AUTO = 37380
MENU_ID_NETSET_NETSEL_MANUAL = 37381
MENU_ID_NETSET_NETSEL_SELECT_MODE = 37382
MENU_ID_NETSET_GPRS_CONNECTION = 37383
MENU_ID_NETSET_PCH_MODE = 37384
MENU_ID_SAT1_ENTRY = 37833
MENU_ID_SAT_INPUT_DONE_OPT = 37834
MENU_ID_SAT_INPUT_OPTION = 37835
ORGANIZER_ALARM_MENU = 39243
MENU_ID_ALM_REPEAT_TYPE_MAIN = 39244
MENU_ID_ALM_REPEAT_TYPE_ONCE = 39245
MENU_ID_ALM_REPEAT_TYPE_EVREYDAY = 39246
MENU_ID_ALM_REPEAT_TYPE_DAYS = 39247
MENU_ID_ALM_REPEAT_TYPE_CUSTOM_OPTION_MENU = 39248
MENU_ID_ALARM_CUSTOM_OPTIONS_WEEKDAY_SWITCH_ON = 39249
MENU_ID_ALARM_CUSTOM_OPTIONS_WEEKDAY_SWITCH_OFF = 39250
MENU_ID_ALARM_CUSTOM_OPTIONS_DONE = 39251
MENU_ID_NITZ_APP = 39294
MENU_ID_NITZ_APP_OFF = 39295
MENU_ID_NITZ_APP_CONFIRM_FIRST = 39296
MENU_ID_NITZ_APP_ON = 39297
MENU_ID_NTP_APP = 39315
MENU_ID_NTP_SET_ON_OFF = 39316
MENU_ID_NTP_DATA_ACCT = 39317
MAIN_MENU_ORGANIZER_NO_SIM_MENUID = 39437
MENU_ID_VOBJ_FMGR_SEND_SMS = 40435
MENU_ID_UCM_INCALL_OPTION = 41042
MENU_ID_UCM_INCALL_OPTION_HOLD = 41043
MENU_ID_UCM_INCALL_OPTION_RETRIEVE = 41044
MENU_ID_UCM_INCALL_OPTION_SWAP = 41045
MENU_ID_UCM_INCALL_OPTION_CONF = 41046
MENU_ID_UCM_INCALL_OPTION_SPLIT = 41047
MENU_ID_UCM_INCALL_OPTION_END_SINGLE = 41048
MENU_ID_UCM_INCALL_OPTION_END_CONF = 41049
MENU_ID_UCM_INCALL_OPTION_END_ALL = 41050
MENU_ID_UCM_INCALL_OPTION_PHONEBOOK = 41051
MENU_ID_UCM_INCALL_OPTION_CALLLOG = 41052
MENU_ID_UCM_INCALL_OPTION_SMS = 41053
MENU_ID_UCM_INCALL_OPTION_MUTE = 41054
MENU_ID_UCM_INCALL_OPTION_UNMUTE = 41055
MENU_ID_UCM_INCALL_OPTION_SWITCH_AUDIO_PATH = 41056
MENU_ID_UCM_INCALL_OPTION_SPEAKER_VOLUME = 41057
MENU_ID_UCM_IN_CALL_DIALER_OPTION = 41058
MENU_ID_UCM_IN_CALL_DIALER_OPTION_DIAL = 41059
MENU_ID_UCM_IN_CALL_DIALER_OPTION_SAVE = 41060
MENU_ID_UCM_CALL_TYPE = 41061
MENU_ID_UCM_CALL_TYPE_VOICE = 41062
MENU_ID_UCM_BT_INCALL_OPTION = 41243
MENU_ID_UCM_BT_INCALL_OPTION_HOLD = 41244
MENU_ID_UCM_BT_INCALL_OPTION_RETRIEVE = 41245
MENU_ID_UCM_BT_INCALL_OPTION_SWAP = 41246
MENU_ID_UCM_BT_INCALL_OPTION_DTMF = 41247
MENU_ID_UCM_BT_INCALL_OPTION_MUTE = 41248
MENU_ID_UCM_BT_INCALL_OPTION_UNMUTE = 41249
MENU_ID_UCM_BT_INCALL_OPTION_END_SINGLE = 41250
MENU_ID_UCM_BT_INCALL_OPTION_END_CONF = 41251
MENU_ID_UCM_BT_INCALL_OPTION_END_ALL = 41252
MENU_ID_UCM_BT_INCALL_OPTION_SWITCH_AUDIO_PATH = 41253
MENU_ID_UCM_BT_INCALL_OPTION_BQB_TEST_HOLD = 41254
MENU_ID_UCM_BT_INCALL_OPTION_BQB_TEST_END = 41255
MENU_ID_SMS_VM_VMAIL_MENUID = 41487
MENU_ID_SMS_VM_ITEM_VOICE_MAIL_OPTION = 41488
MENU_ID_SMS_VM_ITEM_VM_1_EDIT = 41489
MENU_ID_SMS_VM_ITEM_VM_3_CONNECT_TO_VOICE = 41490
MENU_ID_SMS_VM_DEFAULT_VM_MAILBOX = 41491
MENU_ID_SMS_PROFILE_SETTING = 41492
MENU_ID_SMS_PROFILE_SETTING_OPTION = 41493
MENU_ID_SMS_PROFILE_SETTING_OPTION_ACTIVE = 41494
MENU_ID_SMS_PROFILE_SETTING_OPTION_EDIT = 41495
MENU_ID_SMS_DEFAULT_VIEWER_OPT = 41496
MENU_ID_SMS_INBOX_VIEWER_OPT = 41497
MENU_ID_SMS_SENT_VIEWER_OPT = 41498
MENU_ID_SMS_DRAFTS_VIEWER_OPT = 41499
MENU_ID_SMS_UNSENT_VIEWER_OPT = 41500
MENU_ID_SMS_VIEWER_OPT_REPLY = 41501
MENU_ID_SMS_VIEWER_OPT_CALL_SENDER = 41502
MENU_ID_SMS_VIEWER_OPT_SEND = 41503
MENU_ID_SMS_VIEWER_OPT_RESEND = 41504
MENU_ID_SMS_VIEWER_OPT_EDIT = 41505
MENU_ID_SMS_VIEWER_OPT_FORWARD = 41506
MENU_ID_SMS_VIEWER_OPT_DELETE = 41507
MENU_ID_SMS_VIEWER_OPT_DETAILS = 41508
MENU_ID_SMS_VIEWER_OPT_SAVE_CONTACT = 41509
MENU_ID_SMS_USE_NUMBER_OPT = 41510
MENU_ID_SMS_VIEWER_OPT_ADVANCED = 41511
MENU_ID_SMS_VIEWER_ADV_OPT_USE_NUM = 41512
MENU_ID_SMS_USE_NUMBER_OPT_DIAL_NUM = 41513
MENU_ID_SMS_USE_NUMBER_OPT_SAVE_TO_PB = 41514
MENU_ID_SMS_USE_NUMBER_OPT_SEND_SMS = 41515
MENU_ID_SMS_EDITOR_OPTIONS = 41516
MENU_ID_SMS_ED_OPT_SEND_TO = 41517
MENU_ID_SMS_ED_OPT_ADVANCED = 41518
MENU_ID_SMS_ED_OPT_SAVE_TO_DRAFTS = 41519
MENU_ID_SMS_ED_OPT_INSERT_NUMBER = 41520
MENU_ID_SMS_RECIPIENT_OPTIONS = 41521
MENU_ID_SMS_RECIPIENT_OPT_SEND = 41522
MENU_ID_SMS_RECIPIENT_OPT_SAVE_TO_DRAFTS = 41523
MENU_ID_SMS_RECIPIENT_OPT_EDIT = 41524
MENU_ID_SMS_RECIPIENT_OPT_REMOVE = 41525
SMS_INBOX_OPT_SAVE_OBJECT_OPTION = 41526
SMS_INBOX_OPT_SAVE_OPTION_DONE = 41527
SMS_INBOX_OPT_SAVE_OPTION_INPUT_METHOD = 41528
MAIN_MENU_MESSAGES_MENUID = 41529
MENU_ID_UM_WRITE_MSG = 41530
MENU_ID_SMS_INBOX = 41531
MENU_ID_SMS_DRAFTS = 41532
MENU_ID_SMS_OUTBOX = 41533
MENU_ID_SMS_SENTBOX = 41534
MENU_ID_SMS_SETTING = 41535
MENU_ID_SMS_DELETE_FOLDER = 41536
MENU_ID_SMS_DELETE_MSG_FOLDER_INBOX = 41537
MENU_ID_SMS_DELETE_MSG_FOLDER_UNSENT = 41538
MENU_ID_SMS_DELETE_MSG_FOLDER_SENT = 41539
MENU_ID_SMS_DELETE_MSG_FOLDER_DRAFTS = 41540
MENU_ID_UM_DEL_ALL_OPT = 41541
MAIN_MENU_FILE_MNGR_MENUID = 42642
MAIN_MENU_PHONEBOOK_MENUID = 42643
MAIN_MENU_FUNANDGAMES_MENUID = 42644
MAIN_MENU_EXTRA_MENUID = 42645
MAIN_MENU_CALL_LOG = 42646
MAIN_MENU_MULTIMEDIA_MENUID = 42647
MAIN_MENU_SERVICES_MENUID = 42648
MAIN_MENU_ORGANIZER_MENUID = 42649
MAIN_MENU_SETTINGS_MENUID = 42650
MAIN_MENU_SETTINGS_NO_SIM_MENUID = 42651
MAIN_MENU_CALL_CENTER = 42652
MAIN_MENU_TOOLS_MENUID = 42653
IDLE_SCREEN_MENU_ID = 42654
MENU_ID_MOTION = 43250
MENU_ID_PHB_EDIT_OPTION = 8192
MENU_ID_PHB_ADD_MORE_DETAILS = 8193
MENU_ID_PHB_DELETE_DETAILS = 8194
MENU_ID_PHB_EDIT_OK = 8195
MENU_ID_PHB_EDIT_CANCEL = 8196
MENU_ID_PHB_EDIT_IMAGE_OPTION_VIEW = 8197
MENU_ID_PHB_EDIT_RINGTONE_OPTION_SELECT = 8198
MENU_ID_PHB_EDIT_IMAGE_OPTION_SELECT = 8199
MENU_ID_PHB_SETTINGS = 8200
MENU_ID_PHB_SETTINGS_NO_SIM = 8201
MENU_ID_PHB_SPEED_DIAL_OP = 8202
MENU_ID_PHB_SPEED_DIAL_OP_EDIT = 8203
MENU_ID_PHB_SPEED_DIAL_OP_DEL = 8204
MENU_ID_PHB_MY_NUMBER = 8205
MENU_ID_PHB_EDIT_MY_NUMBER = 8206
MENU_ID_PHB_DELETE_MY_NUMBER = 8207
MENU_ID_PHB_MEMORY_STATUS = 8208
MENU_ID_PHB_COPY_SEVERAL = 8209
MENU_ID_PHB_MOVE_SEVERAL = 8210
MENU_ID_PHB_COPY_SIMTOPHONE = 8211
MENU_ID_PHB_COPY_PHONETOSIM = 8212
MENU_ID_PHB_MOVE_SIMTOPHONE = 8213
MENU_ID_PHB_MOVE_PHONETOSIM = 8214
MENU_ID_PHB_DELETE_ALL = 8215
MENU_ID_PHB_DELETE_ALL_NO_SIM = 8216
MENU_ID_PHB_DELETE_ALL_SIM = 8217
MENU_ID_PHB_DELETE_ALL_PHONE = 8218
MITEM101_SEARCH_OPTIONS = 8219
MITEM1010_SEARCH = 8220
MITEM1011_INPUT_MEHTHOD = 8221
MITEM102_PBOOK_NEW_ENTRY = 8222
MENU_ID_PHB_ADD_NEW_ENTRY_SELECT = 8223
MITEM_ADD_ENTRY_TO_SIM = 8224
MITEM_ADD_ENTRY_TO_PHONE = 8225
MITEM101_PBOOK_VIEW_OPTIONS = 8226
MENU_ID_PHB_ENTRY_VIEW_OPTIONS = 8227
MENU_ID_PHB_VIEW_CONTACT = 8228
MITEM1011_PBOOK_EDIT = 8229
MENU_ID_PHB_VIEW_CONTACT_EDIT = 8230
MITEM1012_PBOOK_DELETE = 8231
MITEM1013_PBOOK_COPY_ENTRY = 8232
MENU_ID_PHB_COPY_TO_SIM = 8233
MENU_ID_PHB_COPY_TO_PHONE = 8234
MITEM1014_PBOOK_MOVE = 8235
MENU_ID_PHB_OPTION_DIAL = 8236
MENU_ID_PHB_VIEW_CONTACT_DIAL = 8237
MENU_ID_PHB_OPTION_VIEW_PIC = 8238
MENU_ID_PHB_OPTION_SEND_SMS = 8239
MENU_ID_PHB_VIEW_CONTACT_SEND_SMS = 8240
MENU_ID_PHB_IMAGE_OPTION = 8241
MENU_ID_PHB_IMAGE_OPTION_VIEW = 8242
MENU_ID_PHB_IMAGE_OPTION_SELECT = 8243
MENU_ID_PHB_IMAGE_OPTION_DELETE = 8244
MENU_ID_PHB_FMGR_SAVE_OPTION = 8245
MENU_ID_PHB_FMGR_SAVE_NEW = 8246
MENU_ID_PHB_FMGR_SAVE_LIST = 8247
MENU_ID_PHB_EXTRA_NUMBER = 8248
MENU9167_FIXED_DIAL = 8249
MENU_SETTING_FDL_MODE = 8250
MENU_SETTING_FDL_MODE_ON = 8251
MENU_SETTING_FDL_MODE_OFF = 8252
MENU_SETTING_FDL_LIST = 8253
MENU8234_FDL_VIEW_OPTIONS_MAIN = 8254
MENU8234_FDL_VIEW_OPTIONS_ADD = 8255
MENU8234_FDL_VIEW_OPTIONS_EDIT = 8256
MENU8234_FDL_VIEW_OPTIONS_DELETE = 8257
MENU_ID_GPS_SETTING = 7506
MENU_ID_GPS_RECEIVER = 7507
MENU_ID_GPS_AGPS_SETTING = 7508
MENU_ID_GPS_AGPS_SWITCH = 7509
MENU_ID_GPS_AGPS_SEND_LOCATION = 7510
MENU_ID_GPS_AGPS_PROFILE = 7511
MENU_ID_GPS_AGPS_PROFILE_OPTION = 7512
MENU_ID_GPS_AGPS_PROFILE_EDIT_LIST = 7513
MENU_ID_GPS_AGPS_PROFILE_ACTIVATE = 7514
MENU_ID_GPS_AGPS_PROFILE_EDIT = 7515
MENU_ID_GPS_AGPS_PROFILE_NAME = 7516
MENU_ID_GPS_AGPS_PROFILE_ADDR = 7517
MENU_ID_GPS_AGPS_PROFILE_DATA_ACCOUNT = 7518
MENU_ID_GPS_AGPS_PROFILE_PUSH_SMS_NUM = 7519
MENU_ID_GPS_AGPS_PROFILE_PORT = 7520
MENU_ID_GPS_INPUT_EDITOR_OPTION = 7521
MENU_ID_GPS_AGPS_CP_TEST = 7522
MENU_ID_EDITOR_OPT_INPUT_METHOD = 23469
MENU_ID_EDIT_OPTS = 23470
MENU_ID_EDITOR_CUI_OPT_DONE = 23471
MENU_ID_EDITOR_CUI_OPT_CANCEL = 23472
MENU_ID_EDITOR_CUI_OPT = 23473
MENU_ID_INLINE_EDITOR_OPT_DONE = 23474
MENU_ID_INLINE_EDITOR_OPT = 23475
MENU_ID_CONNECTIVITY = 12680
MENU_ID_PHNSET_GPIO_SETTING = 23623
MENU_ID_PHNSET_GPIO_BACKLITE = 23624
MENU_ID_PHNSET_PICTURE_QUALITY = 23625
MENU_ID_PHNSET_PICTURE_QUALITY_ON = 23626
MENU_ID_PHNSET_PICTURE_QUALITY_OFF = 23627
MENU_ID_CUI_DIALER_MENU = 25658
MENU_ID_CUI_DIALER_DIAL = 25659
MENU_ID_CUI_DIALER_SAVE_CONTACT = 25660
MENU_ID_SLK_TIME_SETTING_MENU = 25627
MENU_ID_SLK_SETTING_OFF = 25628
MENU_ID_SLK_SETTING_15_SEC = 25629
MENU_ID_SLK_SETTING_30_SEC = 25630
MENU_ID_SLK_SETTING_1_MIN = 25631
MENU_ID_SLK_SETTING_5_MIN = 25632
MENU_ID_USE_DETAIL_OPT_CALL = 29835
MENU_ID_USE_DETAIL_OPT_SAVE_NUM_TO_PHB = 29836
MENU_ID_USE_DETAIL_OPT_SEND_SMS = 29837
MENU_ID_USE_DETAIL_OPT_SEND_MMS = 29838
MENU_ID_USE_DETAIL_OPT_SAVE_EMAIL_TO_PHB = 29839
MENU_ID_USE_DETAIL_OPT_SEND_EMAIL = 29840
MENU_ID_USE_DETAIL_OPT_GO_TO_WAP = 29841
MENU_ID_USE_DETAIL_OPT_ADD_TO_BOOKMARK = 29842
MENU_ID_USE_DETAIL_PHONENUMBER_OPT = 29843
MENU_ID_USE_DETAIL_USSD_OPT = 29844
MENU_ID_USE_DETAIL_EMAIL_OPT = 29845
MENU_ID_USE_DETAIL_URL_OPT = 29846
STR_ID_DLS_QUERY = 4803
STR_DI_DLS_NETWORK_PROBLEM = 4804
STR_DI_DLS_FAIL_MAY_DISK_FULL = 4805
STR_ID_DLS_NO_UPDATE = 4806
STR_ID_DLS_DOWNLOADING = 4807
STR_ID_DLS_DOWNLOADED = 4808
STR_ID_DLS_HOST_NOT_FOUND = 4809
STR_ID_DLS_PIPE_CLOSED = 4810
STR_ID_DLS_ERR_PATH = 4811
STR_ID_DLS_INSTALL_SECC = 4812
STR_ID_DLS_INSTALLING = 4813
STR_ID_DLS_INSTALL_FAIL = 4814
STR_ID_DLS_NA_NAME = 4815
STR_ID_DLS_NA_SLK = 4816
STR_ID_APP_MRE = 4817
STR_MRE_UPDATE_TITLE = 4818
STR_MRE_UPDATE_QUERY = 4819
STR_MRE_UPDATE_UPDATING = 4820
STR_MRE_UPDATE_SUCCESS = 4821
STR_MRE_UPDATE_FAIL = 4822
STR_BT_MENU_TITLE = 30536
STR_BT_POWER = 30537
STR_BT_SWITCHING = 30538
STR_BT_RELEASE_ALL_CONN = 30539
STR_BT_RELEASE_DEV_CONN = 30540
STR_BT_RELEASING = 30541
STR_BT_SCH_AUD_DEV = 30542
STR_BT_SCH_ALL_DEV = 30543
STR_BT_SCH_RESULT = 30544
STR_BT_INQUIRY_STOPPING = 30545
STR_BT_DEVICE_BEING_CONNECTED = 30546
STR_BT_ENTER_PASSCODE = 30547
STR_BT_PAIR_REQ = 30548
STR_BT_PAIR_FAILED = 30549
STR_BT_START_PAIRING = 30550
STR_BT_CONNECT_CONFIRM = 30551
STR_BT_ACCEPT_CONNECT_FROM = 30552
STR_BT_REACH_MAX_PAIR_NUM = 30553
STR_BT_REFRESHING = 30554
STR_BT_CONN_FAILED = 30555
STR_BT_MYDEVICE = 30556
STR_BT_MYDEV_OPT_SUP_SER = 30557
STR_BT_DEV_SET_VIS = 30558
STR_BT_DEV_SET_NAME = 30559
STR_BT_DEV_SET_AUDIO_PATH = 30560
STR_BT_DEV_SET_AUDIO_PATH_PHONE = 30561
STR_BT_DEV_SET_AUDIO_PATH_HF = 30562
STR_BT_DEV_SET_DEV_ADDR = 30563
STR_BT_ABOUT = 30564
STR_BT_BD_NAME = 30565
STR_BT_SERVICE = 30566
STR_BT_CONN_SERVICE = 30567
STR_BT_NO_SERVICE = 30568
STR_BT_BD_ADDR = 30569
STR_BT_PROF_UNKNOWN = 30570
STR_BT_NOT_READY = 30571
STR_BT_NO_SUPPORTED_PROFILE = 30572
STR_BT_PWR_ON_CNF = 30573
STR_BT_POWER_ON_IN_FLIGHT_MODE_CNF = 30574
STR_BT_DISCONN_ALL_CONN_CNF = 30575
STR_BT_DISCONN_ALL_CONN = 30576
STR_BT_DISCONN_DEV_CONN_CNF = 30577
STR_BT_DISCONN_DEV_CONN = 30578
STR_BT_DISCONN_AUD_DEV_CONN_CNF = 30579
STR_BT_PAIRED_DEV_FULL = 30580
STR_BT_PROHIBIT_VIS_BY_A2DP = 30581
STR_BT_OPERATION_NOT_ALLOWED_DIS_HFP_FIRST = 30582
STR_BT_PROHIBIT_BY_SIMAP = 30583
STR_BT_16_DIGITS_PASSKEY = 30584
STR_BT_INPUT_PASSCODE = 30585
STR_BT_NUMERIC_COMPARISON = 30586
STR_BT_ACCEPT_PAIRING = 30587
STR_BT_FROM = 30588
STR_BT_QUESTION_MARK = 30589
STR_BT_CONN_SINGLE_CONNECTING = 30590
STR_BT_SERVICE_UNAVAILABLE = 30591
STR_ID_FAILED_SHARE_AS_DILAER_CONNED = 30592
STR_ID_BOOTUP_NAND_NOT_SUPPORTED = 30987
STR_ID_BOOTUP_USER_DRIVE_CORRUPTED = 30988
STR_ID_BOOTUP_SYSTEM_DRIVE_CORRUPTED = 30989
STR_ID_BOOTUP_NAND_VERSION_MISMATCH = 30990
STR_ID_BOOTUP_NAND_QUOTA_OVER_DISK = 30991
STR_ID_BOOTUP_NAND_QUOTA_USAGE_WARNING = 30992
STR_ID_BOOTUP_SOFTKEY_EMERGENCY = 30993
STR_ID_BOOTUP_INPUT_PHONE_PASSWORD = 30994
STR_ID_BOOTUP_WRONG_PHONE_PASSWORD = 30995
STR_ID_BOOTUP_EMERGENCY_CALL_ASK = 30996
STR_ID_BOOTUP_REMAINING_TRIALS_PROMPT = 30997
STR_ID_BOOTUP_INPUT_CHV1 = 30998
STR_ID_BOOTUP_INPUT_UBCHV1 = 30999
STR_ID_BOOTUP_NEW_CHV1 = 31000
STR_ID_BOOTUP_WRONG_CHV1 = 31001
STR_ID_BOOTUP_WRONG_UBCHV1 = 31002
STR_ID_BOOTUP_CONFIRM_NEW_CHV1 = 31003
STR_ID_BOOTUP_CHV1_NOT_MATCH = 31004
STR_ID_BOOTUP_SIM_ACCESS_ERROR = 31005
STR_ID_BOOTUP_SIM_CHV1_BLOCKED = 31006
STR_ID_BOOTUP_SIM_BLOCKED = 31007
STR_ID_BOOTUP_FORMATING = 31008
STR_ID_BOOTUP_WAIT_FOR_SIM = 31009
STR_ID_BOOTUP_SIM_CAME_OFF = 31010
STR_ID_SIM_CTRL_SIM_ACCESS_ERROR = 31209
STR_ID_SIM_CTRL_SIM_CAME_OFF = 31210
STR_ID_SECSET_APP_NAME = 31281
STR_ID_SECSET_CHANGE_PASSWORD = 31282
STR_ID_SECSET_PHONE_LOCK = 31283
STR_ID_SECSET_LOCKED = 31284
STR_ID_SECSET_UNLOCKED = 31285
STR_ID_SECSET_TEMP_FAIL = 31286
STR_ID_SECSET_INVALID_LENGTH = 31287
STR_ID_SECSET_SIM_SETTING = 31288
STR_ID_SECSET_PHONE_SETTING = 31289
STR_ID_SECSET_CHV1_LOCK = 31290
STR_ID_SECSET_CHANGE_CHV1_PASSWORD = 31291
STR_ID_SECSET_CHANGE_CHV2_PASSWORD = 31292
STR_ID_SECSET_OLD_PHONE_PASSWORD = 31293
STR_ID_SECSET_NEW_PHONE_PASSWORD = 31294
STR_ID_SECSET_CONFIRM_NEW_PHONE_PASSWORD = 31295
STR_ID_SECSET_DIFF_NEW_PHONE_PASSWORD = 31296
STR_ID_SECSET_ENABLE_CHV1_PROMPT = 31297
STR_ID_SECSET_CHV2_DISABLED = 31298
STR_ID_SECSET_OLD_CHV1 = 31299
STR_ID_SECSET_CHV2_BLOCKED = 31300
STR_ID_SECSET_UBCHV1_BLOCKED_ONLY = 31301
STR_ID_SECSET_UBCHV2_BLOCKED = 31302
STR_ID_SECSET_WRONG_CHV2 = 31303
STR_ID_SECSET_WRONG_UBCHV2 = 31304
STR_ID_SECSET_CHV2_NOT_MATCH = 31305
STR_ID_SECSET_SIM_ERROR = 31306
STR_ID_CUI_PWD_DIFFERENT_INPUT = 31453
STR_ID_IMGVIEW_NAME = 31484
STR_ID_IMGVIEW_OPTION_IMG_INFO = 31485
STR_ID_IMGVIEW_OPTION_IMG_INFO_FILENAME = 31486
STR_ID_IMGVIEW_OPTION_IMG_INFO_RESOLUTION = 31487
STR_ID_IMGVIEW_OPTION_IMG_INFO_SIZE = 31488
STR_ID_IMGVIEW_OPTION_IMG_INFO_CREATE_TIME = 31489
STR_ID_IMGVIEWCUI_NAME = 31785
STR_ID_AUDPLY_TITLE = 31827
STR_ID_AUDPLY_LIST_FULL = 31828
STR_ID_AUDPLY_OPEN_FILE_ERROR = 31829
STR_ID_AUDPLY_COMMAND_ERROR = 31830
STR_ID_AUDPLY_DEVICE_BUSY = 31831
STR_ID_AUDPLY_BAD_FORMAT = 31832
STR_ID_AUDPLY_NO_SPACE = 31833
STR_ID_AUDPLY_ERROR = 31834
STR_ID_AUDPLY_UNSUPPORTED_CHANNEL = 31835
STR_ID_AUDPLY_UNSUPPORTED_FREQ = 31836
STR_ID_AUDPLY_UNSUPPORTED_TYPE = 31837
STR_ID_AUDPLY_NO_AUDIO_TRACK = 31838
STR_ID_AUDPLY_DECODER_NOT_SUPPORT = 31839
STR_ID_AUDPLY_UNSUPPORTED_SPEED = 31840
STR_ID_CAMCO_APP_NAME = 32545
STR_WCLOCK_CITY_NONE = 33557
STR_WCLOCK_CITY1 = 33558
STR_WCLOCK_CITY2 = 33559
STR_WCLOCK_CITY3 = 33560
STR_WCLOCK_CITY4 = 33561
STR_WCLOCK_CITY5 = 33562
STR_WCLOCK_CITY6 = 33563
STR_WCLOCK_CITY7 = 33564
STR_WCLOCK_CITY8 = 33565
STR_WCLOCK_CITY9 = 33566
STR_WCLOCK_CITY10 = 33567
STR_WCLOCK_CITY11 = 33568
STR_WCLOCK_CITY12 = 33569
STR_WCLOCK_CITY13 = 33570
STR_WCLOCK_CITY14 = 33571
STR_WCLOCK_CITY15 = 33572
STR_WCLOCK_CITY16 = 33573
STR_WCLOCK_CITY17 = 33574
STR_WCLOCK_CITY18 = 33575
STR_WCLOCK_CITY19 = 33576
STR_WCLOCK_CITY20 = 33577
STR_WCLOCK_CITY21 = 33578
STR_WCLOCK_CITY22 = 33579
STR_WCLOCK_CITY23 = 33580
STR_WCLOCK_CITY24 = 33581
STR_WCLOCK_CITY25 = 33582
STR_WCLOCK_CITY26 = 33583
STR_WCLOCK_CITY27 = 33584
STR_WCLOCK_CITY28 = 33585
STR_WCLOCK_CITY29 = 33586
STR_WCLOCK_CITY30 = 33587
STR_WCLOCK_CITY31 = 33588
STR_WCLOCK_CITY32 = 33589
STR_WCLOCK_CITY33 = 33590
STR_WCLOCK_CITY34 = 33591
STR_WCLOCK_CITY35 = 33592
STR_WCLOCK_CITY36 = 33593
STR_WCLOCK_CITY37 = 33594
STR_WCLOCK_CITY38 = 33595
STR_WCLOCK_CITY39 = 33596
STR_WCLOCK_CITY40 = 33597
STR_WCLOCK_CITY41 = 33598
STR_WCLOCK_CITY42 = 33599
STR_WCLOCK_CITY43 = 33600
STR_WCLOCK_CITY44 = 33601
STR_WCLOCK_CITY45 = 33602
STR_WCLOCK_CITY46 = 33603
STR_WCLOCK_CITY47 = 33604
STR_WCLOCK_CITY48 = 33605
STR_WCLOCK_CITY49 = 33606
STR_WCLOCK_CITY50 = 33607
STR_WCLOCK_CITY51 = 33608
STR_WCLOCK_CITY52 = 33609
STR_WCLOCK_CITY53 = 33610
STR_WCLOCK_CITY54 = 33611
STR_WCLOCK_CITY55 = 33612
STR_WCLOCK_CITY56 = 33613
STR_WCLOCK_CITY57 = 33614
STR_WCLOCK_CITY58 = 33615
STR_WCLOCK_CITY59 = 33616
STR_WCLOCK_CITY60 = 33617
STR_WCLOCK_CITY61 = 33618
STR_WCLOCK_CITY62 = 33619
STR_WCLOCK_CITY63 = 33620
STR_WCLOCK_CITY64 = 33621
STR_WCLOCK_CITY65 = 33622
STR_WCLOCK_CITY66 = 33623
STR_WCLOCK_CITY67 = 33624
STR_WCLOCK_CITY68 = 33625
STR_WCLOCK_CITY69 = 33626
STR_WCLOCK_CITY70 = 33627
STR_WCLOCK_CITY71 = 33628
STR_WCLOCK_CITY72 = 33629
STR_WCLOCK_CITY73 = 33630
STR_WCLOCK_CITY74 = 33631
STR_WCLOCK_CITY75 = 33632
STR_WCLOCK_CITY76 = 33633
STR_WCLOCK_CITY77 = 33634
STR_WCLOCK_CITY78 = 33635
STR_TOTAL_NUM_CITY = 33636
STR_WCLOCK_CITY_ABBRE_NONE = 33637
STR_WCLOCK_CITY_ABBRE1 = 33638
STR_WCLOCK_CITY_ABBRE2 = 33639
STR_WCLOCK_CITY_ABBRE3 = 33640
STR_WCLOCK_CITY_ABBRE4 = 33641
STR_WCLOCK_CITY_ABBRE5 = 33642
STR_WCLOCK_CITY_ABBRE6 = 33643
STR_WCLOCK_CITY_ABBRE7 = 33644
STR_WCLOCK_CITY_ABBRE8 = 33645
STR_WCLOCK_CITY_ABBRE9 = 33646
STR_WCLOCK_CITY_ABBRE10 = 33647
STR_WCLOCK_CITY_ABBRE11 = 33648
STR_WCLOCK_CITY_ABBRE12 = 33649
STR_WCLOCK_CITY_ABBRE13 = 33650
STR_WCLOCK_CITY_ABBRE14 = 33651
STR_WCLOCK_CITY_ABBRE15 = 33652
STR_WCLOCK_CITY_ABBRE16 = 33653
STR_WCLOCK_CITY_ABBRE17 = 33654
STR_WCLOCK_CITY_ABBRE18 = 33655
STR_WCLOCK_CITY_ABBRE19 = 33656
STR_WCLOCK_CITY_ABBRE20 = 33657
STR_WCLOCK_CITY_ABBRE21 = 33658
STR_WCLOCK_CITY_ABBRE22 = 33659
STR_WCLOCK_CITY_ABBRE23 = 33660
STR_WCLOCK_CITY_ABBRE24 = 33661
STR_WCLOCK_CITY_ABBRE25 = 33662
STR_WCLOCK_CITY_ABBRE26 = 33663
STR_WCLOCK_CITY_ABBRE27 = 33664
STR_WCLOCK_CITY_ABBRE28 = 33665
STR_WCLOCK_CITY_ABBRE29 = 33666
STR_WCLOCK_CITY_ABBRE30 = 33667
STR_WCLOCK_CITY_ABBRE31 = 33668
STR_WCLOCK_CITY_ABBRE32 = 33669
STR_WCLOCK_CITY_ABBRE33 = 33670
STR_WCLOCK_CITY_ABBRE34 = 33671
STR_WCLOCK_CITY_ABBRE35 = 33672
STR_WCLOCK_CITY_ABBRE36 = 33673
STR_WCLOCK_CITY_ABBRE37 = 33674
STR_WCLOCK_CITY_ABBRE38 = 33675
STR_WCLOCK_CITY_ABBRE39 = 33676
STR_WCLOCK_CITY_ABBRE40 = 33677
STR_WCLOCK_CITY_ABBRE41 = 33678
STR_WCLOCK_CITY_ABBRE42 = 33679
STR_WCLOCK_CITY_ABBRE43 = 33680
STR_WCLOCK_CITY_ABBRE44 = 33681
STR_WCLOCK_CITY_ABBRE45 = 33682
STR_WCLOCK_CITY_ABBRE46 = 33683
STR_WCLOCK_CITY_ABBRE47 = 33684
STR_WCLOCK_CITY_ABBRE48 = 33685
STR_WCLOCK_CITY_ABBRE49 = 33686
STR_WCLOCK_CITY_ABBRE50 = 33687
STR_WCLOCK_CITY_ABBRE51 = 33688
STR_WCLOCK_CITY_ABBRE52 = 33689
STR_WCLOCK_CITY_ABBRE53 = 33690
STR_WCLOCK_CITY_ABBRE54 = 33691
STR_WCLOCK_CITY_ABBRE55 = 33692
STR_WCLOCK_CITY_ABBRE56 = 33693
STR_WCLOCK_CITY_ABBRE57 = 33694
STR_WCLOCK_CITY_ABBRE58 = 33695
STR_WCLOCK_CITY_ABBRE59 = 33696
STR_WCLOCK_CITY_ABBRE60 = 33697
STR_WCLOCK_CITY_ABBRE61 = 33698
STR_WCLOCK_CITY_ABBRE62 = 33699
STR_WCLOCK_CITY_ABBRE63 = 33700
STR_WCLOCK_CITY_ABBRE64 = 33701
STR_WCLOCK_CITY_ABBRE65 = 33702
STR_WCLOCK_CITY_ABBRE66 = 33703
STR_WCLOCK_CITY_ABBRE67 = 33704
STR_WCLOCK_CITY_ABBRE68 = 33705
STR_WCLOCK_CITY_ABBRE69 = 33706
STR_WCLOCK_CITY_ABBRE70 = 33707
STR_WCLOCK_CITY_ABBRE71 = 33708
STR_WCLOCK_CITY_ABBRE72 = 33709
STR_WCLOCK_CITY_ABBRE73 = 33710
STR_WCLOCK_CITY_ABBRE74 = 33711
STR_WCLOCK_CITY_ABBRE75 = 33712
STR_WCLOCK_CITY_ABBRE76 = 33713
STR_WCLOCK_CITY_ABBRE77 = 33714
STR_WCLOCK_CITY_ABBRE78 = 33715
STR_WORLD_CLOCK_TITLE = 33716
STR_WORLD_CLOCK_DST_FOREIGN = 33717
ORGANIZER_MENU_WORLDCLOCK_STRINGID = 33718
STR_ID_CALLSET_CALL_CENTER = 33758
STR_ID_CALLSET_CALL_SETTING = 33759
STR_ID_CALLSET_MORE = 33760
STR_ID_CALLSET_CALLFWD = 33761
STR_ID_CALLSET_CFU_VOICE = 33762
STR_ID_CALLSET_CFNRC = 33763
STR_ID_CALLSET_CFNRY = 33764
STR_ID_CALLSET_CFB = 33765
STR_ID_CALLSET_CFU_DATA = 33766
STR_ID_CALLSET_CALLFWD_CANCELALL = 33767
STR_ID_CALLSET_CALLFWD_OPT = 33768
STR_ID_CALLSET_CF_TO_NEW = 33769
STR_ID_CALLSET_CF_TO_VM = 33770
STR_ID_CALLSET_CALLFWD_TO_NUM = 33771
STR_ID_CALLSET_CF_NUM_EDIT_FROM_PHB = 33772
STR_ID_CALLSET_CFNRY_WAIT_TIME = 33773
STR_ID_CALLSET_CFNRY_5_SEC = 33774
STR_ID_CALLSET_CFNRY_10_SEC = 33775
STR_ID_CALLSET_CFNRY_15_SEC = 33776
STR_ID_CALLSET_CFNRY_20_SEC = 33777
STR_ID_CALLSET_CFNRY_25_SEC = 33778
STR_ID_CALLSET_CFNRY_30_SEC = 33779
STR_ID_CALLSET_CALLWAIT = 33780
STR_ID_CALLSET_NUMBER_TOO_LONG = 33781
STR_ID_CALLSET_QUERY = 33782
STR_ID_CALLSET_ANS_MODE_ANYKEY = 33783
STR_ID_CALLSET_ANS_MODE = 33784
STR_ID_CALLSET_ANS_MODE_AUTO = 33785
STR_ID_SS_TITLE = 33909
STR_ID_SS_REQUESTING = 33910
STR_ID_SS_USSD_MSG = 33911
STR_ID_SS_PERIOD = 33912
STR_ID_SS_SECOND = 33913
STR_ID_SS_CHANGE_PSW_SUC = 33914
STR_ID_SS_CANCELLED = 33915
STR_ID_DTCNT_RENAME = 34284
STR_ID_DTCNT_ADVANCED_SETTING = 34285
STR_ID_DTCNT_HOME_PAGE = 34286
STR_ID_DTCNT_CONNECTION_TYPE = 34287
STR_ID_DTCNT_USE_PROXY = 34288
STR_ID_DTCNT_PROXY_ADDRESS = 34289
STR_ID_DTCNT_PROXY_PORT = 34290
STR_ID_DTCNT_PROXY_USER_NAME = 34291
STR_ID_DTCNT_PROXY_PASS_WORD = 34292
STR_ID_DTCNT_DNS_ADDRESS1 = 34293
STR_ID_DTCNT_DNS_ADDRESS2 = 34294
STR_ID_DTCNT_IP_ADDRESS = 34295
STR_ID_DTCNT_SUBNET_MASK = 34296
STR_ID_DTCNT_ADD_GPRS = 34297
STR_ID_DTCNT_MAX_CSD_ACCOUNT_REACHED = 34298
STR_ID_DTCNT_NOT_ALLOW_DELETE = 34299
STR_ID_DTCNT_NOT_ALLOW_EDIT = 34300
STR_ID_DTCNT_GPRS_CHAP_AUTH = 34301
STR_ID_DTCNT_GPRS_APN = 34302
STR_ID_DTCNT_GPRS_AUTH_TYP = 34303
STR_ID_DTCNT_GPRS_INPUT_LACK = 34304
STR_ID_DTCNT_NAME_INVALID = 34305
STR_ID_DTCNT_CHANGE_DEFAULT = 34306
STR_ID_DTCNT_DELETE_ASK = 34307
STR_ID_DTCNT_ERR_MSG_INVALID_PORT = 34308
STR_ID_DTCNT_ERR_MSG_EMPTY_PORT_NUMBER = 34309
STR_ID_DTCNT_NOT_READY = 34310
STR_ID_DATA_CONNECTION_SIM = 34311
STR_ID_DATA_CONNECTION_SIM_NOT_ALLOW_CHANGED = 34312
STR_ID_DTCNT_NO_AVAILABLE_ACCOUNT = 34313
STR_ID_CLOG_CALL_LOG = 34850
STR_ID_CLOG_ALL_CALL = 34851
STR_ID_CLOG_DIALED_CALL = 34852
STR_ID_CLOG_RECVED_CALL = 34853
STR_ID_CLOG_MISSED_CALL = 34854
STR_ID_CLOG_UNKOWN_CALL = 34855
STR_ID_CLOG_DELETE_BOX = 34856
STR_ID_CLOG_SINGLE_MISSED_CALL = 34857
STR_ID_CLOG_MULTI_MISSED_CALLS = 34858
STR_ID_CLOG_UNKNOWN_NUMBER = 34859
STR_ID_CLOG_ANON_URI = 34860
STR_ID_CLOG_NO_ENTRY = 34861
STR_ID_CLOG_ENTRY = 34862
STR_ID_CLOG_ENTRIES = 34863
STR_ID_CLOG_TYPE = 34864
STR_ID_CLOG_TIME = 34865
STR_ID_CLOG_TIMES = 34866
STR_ID_CLOG_TOTAL_NUM = 34867
STR_ID_CLOG_NAME = 34868
STR_ID_CLOG_NUMBER = 34869
STR_ID_CLOG_TIMESTAMP = 34870
STR_ID_CLOG_VIEW_MISSED_CALL = 34871
STR_ID_CLOG_VIEW_RING_ONES = 34872
STR_ID_CLOG_VIEW_UNKNOWN = 34873
STR_ID_PROF_CAPTION = 35182
STR_ID_PROF_GENERAL = 35183
STR_ID_PROF_SILENT = 35184
STR_ID_PROF_MEETING = 35185
STR_ID_PROF_OUTDOOR = 35186
STR_ID_PROF_MODE_ACTIVATED = 35187
STR_ID_PROF_CUSTOMIZE = 35188
STR_ID_PROF_ALERT_TYPE = 35189
STR_ID_PROF_RING_ONLY = 35190
STR_ID_PROF_VIB_ONLY = 35191
STR_ID_PROF_VIB_AND_RING = 35192
STR_ID_PROF_VIB_THEN_RING = 35193
STR_ID_PROF_RING_TYPE = 35194
STR_ID_PROF_RINGING = 35195
STR_ID_PROF_BEEP_ONCE = 35196
STR_ID_PROF_RING_TONE = 35197
STR_ID_PROF_SIM1_RING_TONE = 35198
STR_ID_PROF_SIM2_RING_TONE = 35199
STR_ID_PROF_SIM3_RING_TONE = 35200
STR_ID_PROF_SIM4_RING_TONE = 35201
STR_ID_PROF_RING_VOL = 35202
STR_ID_PROF_MSG_VOL = 35203
STR_ID_PROF_KEYPAD_TONE = 35204
STR_ID_PROF_CLICK = 35205
STR_ID_PROF_TONE = 35206
STR_ID_PROF_KEYPAD_VOL = 35207
STR_ID_PROF_SYSTEM_ALERT = 35208
STR_ID_PROF_CHANGE = 35209
STR_ID_PROF_SELECT_FROM_FILE = 35210
STR_ID_PROF_FILE_TOO_LARGE = 35211
STR_ID_PROF_QUESTION_MARK = 35212
STR_FMGR_TITLE = 35413
STR_ID_FMGR_NO_FORWARD_OPTION = 35414
STR_FMGR_FOLDER_CREATE = 35415
STR_FMGR_FORMATING = 35416
STR_FMGR_UNMOUNTING = 35417
STR_FMGR_USE = 35418
STR_FMGR_COPY_TO = 35419
STR_FMGR_MOVE_TO = 35420
STR_ID_FMGR_FILE_DATE = 35421
STR_ID_FMGR_FILE_SIZE = 35422
STR_ID_FMGR_SYSTEM_BUSY_TO_DECODE = 35423
STR_ID_FMGR_NO_AVAILABLE_STORAGE = 35424
STR_ID_FMGR_NEW_FOLDER_LSK = 35425
STR_ID_FMGR_FOLDER_NAME = 35426
STR_ID_FMGR_NO_FILES = 35427
STR_ID_FMGR_NO_FOLDERS = 35428
STR_WALLPAPER_SYSTEM = 35916
STR_WALLPAPER_DOWNLOAD = 35917
STR_WP_IDLE_WP_DECODE_ERR = 35918
STR_ID_DISPCHAR_THEME_WALLPAPER = 35919
STR_ID_STATIC_WALLPAPER = 35920
STR_ID_HOMESCREEN_WALLPAPER = 35921
STR_ID_LOCKSCREEN_WALLPAPER = 35922
STR_MENU_FLIGHT_MODE = 36219
STR_FLIGHT_MODE_NORMAL = 36220
STR_FLIGHT_MODE_SILENT = 36221
STR_FLIGHT_MODE_PROGRESS = 36222
STR_MENU9102_INITIAL_SETUP = 37145
STR_MENU9141_TIME_AND_DATE = 37146
STR_PHONE_SETTING_CLOCK_TYPE = 37147
STR_PHONE_SETTING_CLOCK_TYPE_ANALOG = 37148
STR_PHONE_SETTING_CLOCK_TYPE_DIGITAL_WHITE = 37149
STR_PHONE_SETTING_CLOCK_TYPE_ROMAN_BLACK = 37150
STR_PHONE_SETTING_CLOCK_TYPE_ROMAN_WHITE = 37151
STR_PHONE_SETTING_CLOCK_TYPE_DIGITAL_RED = 37152
STR_MENU9142_SETHOMECITY = 37153
STR_ID_TZ_CHANGE_DATETIME_TITLE = 37154
STR_ID_PHNSET_SET_DT = 37155
STR_MENU9144_SETTIMEANDDATEFORMAT = 37156
STR_ID_PHNSET_SET_DST = 37157
STR_ENTER_TIME_FORMAT_DISP_CAPTION = 37158
STR_ENTER_DATE_FORMAT_DISP_CAPTION = 37159
STR_ID_PHNSET_SET_DATE_SEP = 37160
STR_ID_DD_MM_YYYY_S = 37161
STR_ID_MM_DD_YYYY_S = 37162
STR_ID_YYYY_MM_DD_S = 37163
STR_ID_TZ_CHANGE_DATETIME = 37164
STR_MENU_LANGUAGE = 37165
STR_IDLE_SCR_DISP = 37166
STR_ID_PHNSET_DISPCHAR_IMGID_START = 37167
STR_SETTING_SHOW_DT_TIME = 37168
STR_DT_SEP_DOT = 37169
STR_DT_SEP_COLON = 37170
STR_DT_SEP_SLOPE = 37171
STR_DT_SEP_LINE = 37172
STR_24 = 37173
STR_12 = 37174
STR_SETTING_RESTORE_CONFIRM = 37346
STR_SETTING_RESTORE_PROCESSING = 37347
STR_ID_RESTORE_TITLE = 37348
STR_ID_SETTING_MREAPPS = 37357
STR_ID_SETTING_MREAPPS_UNINSTALL_ALL = 37358
STR_ID_SETTING_MREAPPS_QUERY = 37359
STR_ID_SETTING_MREAPPS_UNINSTALL_PROCESS = 37360
STR_ID_NETSET_NETWORK_SELECTION = 37378
STR_ID_NETSET_NETSEL_NEW_SEARCH = 37379
STR_ID_NETSET_NETSEL_SELECT_NETWORK = 37380
STR_ID_NETSET_NETSEL_SELECTION_MODE = 37381
STR_ID_NETSET_NETSEL_NETWORK_LIST = 37382
STR_ID_NETSET_NW_LIST_FAIL = 37383
STD_ID_NETSET_NW_SELECT_FAIL = 37384
STR_ID_NETSET_REGISTERING_NW = 37385
STR_ID_NETSET_GPRS_CONNECTION = 37386
STR_ID_NETSET_GPRS_CONNECTION_ALWAYS = 37387
STR_ID_NETSET_GPRS_CONNECTION_WHENNEEDED = 37388
STR_ID_NETSET_PCH = 37389
STR_ID_NETSET_PCH_DATA_PREFER = 37390
STR_ID_NETSET_PCH_CALL_PREFER = 37391
STR_ID_NETSET_PCH_QUERY = 37392
STR_ID_MODE_SWITCH_SWITCHING = 37579
STR_ID_MODE_SWITCH_INVALID = 37580
STR_ID_PHNSET_DOWNLOAD_DATA_INVALID = 37801
STR_ID_SAT_SIM_REFRESH = 37833
STR_ID_SAT_GET_INPUT_LENGTH_NOT_ENOUGH = 37834
STR_ID_SAT_LANGUAGE_CHANGED = 37835
ALARMS_SNOOZE_STRINGID = 39243
ALARM_REPEAT_STRING = 39244
ALARM_ONCE_STRING = 39245
ALARM_EVREYDAY_STRING = 39246
ALARM_DAYS_STRING = 39247
ALARMS_POWER_ON = 39248
STR_ID_ALM_AUDIO_OPTIONS = 39249
STR_ID_ALM_AUDIO_OPTIONS_TONE_FILE_NOT_AVAILABLE = 39250
STR_ID_ALM_DISABLE_ASK = 39251
STR_ID_ALM_NO_MARKED = 39252
STR_ID_NITZ_BASE = 39294
STR_ID_NITZ_APP = 39295
STR_ID_NITZ_APP_CONFIRM_FIRST = 39296
STR_ID_NITZ_CONFIRM_TITLE = 39297
STR_ID_NITZ_CONFIRM_INFO = 39298
STR_ID_NITZ_MAX = 39299
STR_ID_NTP_APP = 39315
STR_ID_VOBJ_RECEIVE_FALL = 40435
STR_ID_VOBJ_FORWARD_TO_FILE_MGR = 40436
STR_ID_UCM_CALLING = 41042
STR_ID_UCM_VOICE_ACTIVE = 41043
STR_ID_UCM_VOICE_HOLD = 41044
STR_ID_UCM_REJECT = 41045
STR_ID_UCM_ANSWER = 41046
STR_ID_UCM_HAND_HELD = 41047
STR_ID_UCM_HAND_FREE = 41048
STR_ID_UCM_PROCESSING = 41049
STR_ID_UCM_NOT_ALLOW_TO_HOLD = 41050
STR_ID_UCM_NOT_ALLOW_TO_SWAP = 41051
STR_ID_UCM_HOLD = 41052
STR_ID_UCM_RETRIEVE = 41053
STR_ID_UCM_SWAP = 41054
STR_ID_UCM_CONFERENCE = 41055
STR_ID_UCM_SPLIT = 41056
STR_ID_UCM_END_SINGLE = 41057
STR_ID_UCM_END_CONFERENCE = 41058
STR_ID_UCM_END_ALL = 41059
STR_ID_UCM_END_CALL = 41060
STR_ID_UCM_PHONEBOOK = 41061
STR_ID_UCM_UNMUTE = 41062
STR_ID_UCM_VOICE_CALL = 41063
STR_ID_UCM_SWITCH_AUDIO_PATH = 41064
STR_ID_UCM_ACTIVE = 41065
STR_ID_UCM_END_ALL_ACTIVE = 41066
STR_ID_UCM_END_ALL_HELD = 41067
STR_ID_UCM_BT_CALLING = 41243
STR_ID_UCM_BT_REJECT = 41244
STR_ID_UCM_BT_ANSWER = 41245
STR_ID_UCM_BT_RETRIEVE = 41246
STR_ID_UCM_BT_END_CALL = 41247
STR_ID_UCM_BT_UNMUTE = 41248
STR_ID_UCM_BT_HAND_HELD = 41249
STR_ID_UCM_BT_HAND_FREE = 41250
STR_ID_UCM_BT_ACTIVE = 41251
STR_ID_UCM_BT_PAIRED_HOLD = 41252
STR_ID_UCM_BT_CALL_ENDED = 41253
STR_ID_UCM_BT_PROCESSING = 41254
STR_ID_UCM_BT_CALL_WILL_BE_ENDED = 41255
STR_ID_UCM_CONN_BT_FIRST = 41256
STR_ID_UCM_BT_CONF_CALL = 41257
STR_ID_UCM_BT_REPLACE = 41258
STR_ID_UCM_BT_NO_RESPONSE = 41259
STR_ID_UCM_BT_CALL_FAILED = 41260
STR_ID_UCM_BT_END_CONF = 41261
STR_ID_UCM_BT_HOLD = 41262
STR_ID_UCM_BT_SWAP = 41263
STR_ID_UCM_BT_END_SINGLE = 41264
STR_ID_UCM_BT_END_ALL = 41265
STR_ID_UCM_BT_DTMF = 41266
STR_ID_UCM_BT_SWITCH_AUDIO_PATH = 41267
STR_ID_SMS_VM_VMAIL_MENUENTRY = 41487
STR_ID_SMS_VM_VOICE_MAIL_NAME = 41488
STR_ID_SMS_VM_VOICE_MAIL_NUM = 41489
STR_ID_SMS_VM_DEFAULT_VM_MAILBOX = 41490
STR_ID_SMS_VM_VOICE_MAIL_NOT_READY_YET = 41491
STR_ID_SMS_VM_SET_VOICEMAIL_QUERY_ID = 41492
STR_ID_SMS_VM_EDIT_VM = 41493
STR_ID_SMS_FDN_FAIL = 41494
STR_ID_SMS_MESSAGESETUP_MENUENTRY = 41495
STR_ID_SMS_PROFILE_SC = 41496
STR_ID_SMS_PROFILE_SETTING_MENUENTRY = 41497
STR_ID_SMS_REPLY_PATH_MENUENTRY = 41498
STR_RECEIVED_SMS = 41499
STR_ID_SMS_USE_NUM_ADDRESS = 41500
STR_ID_SMS_SEND_TO = 41501
STR_ID_SMS_INSERT_NUMBER = 41502
STR_ID_SMS_ADD_RECIPIENT = 41503
STR_ID_SMS_EDIT_RECIPIENT = 41504
STR_ID_SMS_REMOVE_RECIPIENT = 41505
STR_ID_SMS_REMOVE_RECIPIENT_QUERY = 41506
STR_ID_SMS_ENTER_NUMBER = 41507
STR_ID_SMS_ADD_FROM_CONTACTS = 41508
STR_ID_SMS_RECIPIENTS_FULL = 41509
STR_ID_SMS_INVLAID_NUMBERS_REMOVED = 41510
STR_ID_SMS_CAN_ONLY_ADD_FIRST = 41511
STR_ID_SMS_CAN_ONLY_SEND_TO_FIRST = 41512
STR_ID_SMS_CONTACT_CONTINUE_QUERY = 41513
STR_ID_SMS_CONTACTS_CONTINUE_QUERY = 41514
STR_ID_SMS_BY_SIM1 = 41515
STR_ID_SMS_FROM_LOWER_CASE = 41516
STR_ID_SMS_FROM = 41517
STR_ID_SMS_CREATION_DATE = 41518
STR_ID_SMS_RECEIVE_DATE = 41519
STR_ID_SMS_TYPE = 41520
STR_ID_SMS_STORAGE = 41521
STR_ID_SMS_SENDING_TO_CAPTION = 41522
STR_SMS_MESSAGE_HEADER_TO = 41523
STR_ID_SMS_SAVE_SENT_SMS = 41524
STR_SMS_MSG_NOT_READY_YET = 41525
STR_NOUSSD_NOTIFICATION = 41526
STR_ID_SMS_CANCELLED = 41527
STR_ID_SMS_MESSAGES_UPDATED = 41528
STR_SR_DELIVERD_ID = 41529
STR_SR_PENDING_ID = 41530
STR_INBOX_REPORT_ID = 41531
STR_WMESSAGE_MENUENTRY = 41532
STR_SMS_SAVE_TO_DRAFTS_MENU_ITEM = 41533
STR_SCR6024_CAPTION = 41534
STR_VOICEMAIL_IND = 41535
STR_FAX_IND = 41536
STR_EMAIL_IND = 41537
STR_NET_OTHER_IND = 41538
STR_VOICEMAIL_NUM_IND = 41539
STR_FAX_NUM_IND = 41540
STR_EMAIL_NUM_IND = 41541
STR_NET_OTHER_NUM_IND = 41542
STR_VOICEMAIL_NUM_IND_PLURAL = 41543
STR_FAX_NUM_IND_PLURAL = 41544
STR_EMAIL_NUM_IND_PLURAL = 41545
STR_NET_OTHER_NUM_IND_PLURAL = 41546
STR_SUCCESS_CAPTION = 41547
STR_FAILURE_CAPTION = 41548
STR_SCR6042_CAPTION = 41549
STR_SMS_MEMORY_EXCEEDED = 41550
STR_SMS_SIM_MEMORY_EXCEEDED = 41551
STR_SMS_SEND_SUCESS_SAVE_FAILED = 41552
STR_SMS_SEND_SAVE_FAILED = 41553
STR_NEW_MESSAGE_FROM_ID = 41554
STR_NO_SPACE_TO_INSERT_OBJECT = 41555
STR_SMS_FAILURE_MSG_LEN_EXCEEDED = 41556
STR_SMS_CALL_SENDER = 41557
STR_SMS_FAILURE_DATA_EMPTY = 41558
STR_SMS_FAILURE_DATA_INVALID = 41559
STR_SMS_FAILURE_DATA_EXCEED = 41560
STR_SMS_FAILURE_SC_NUM_EMPTY = 41561
STR_ID_SMS_ZAWGYI = 41562
STR_ID_SMS_PADAUK = 41563
STR_UM_SENT_ID = 41564
STR_UM_DELETE_FOLDER_ID = 41565
STR_UM_WRITE_MSG_ID = 41566
STR_UM_INCOMPLETE_ID = 41567
STR_UM_NOT_SUPPORT_ID = 41568
STR_UM_EMPTY_CONTENT_ID = 41569
STR_UM_EMPTY_MSG_ID = 41570
STR_UM_EMPTY_SUBJECT_ID = 41571
STR_UM_UNREAD_MSG = 41572
STR_UM_UNREAD_MSGS_WITH_NUMBER = 41573
STR_UM_UNREAD_MSG_WITH_NUMBER = 41574
STR_UM_SEND_FAILED_SAVE_SUCCESS_ID = 41575
MAIN_MENU_TITLE_TEXT = 42642
MAIN_MENU_MENU_TEXT = 42643
MAIN_MENU_PHONEBOOK_TEXT = 42644
MAIN_MENU_MESSAGES_TEXT = 42645
MAIN_MENU_FUNANDGAMES_TEXT = 42646
MAIN_MENU_ORGANIZER_TEXT = 42647
MAIN_MENU_SETTINGS_TEXT = 42648
MAIN_MENU_SHORTCUTS_TEXT = 42649
MAIN_MENU_SERVICES_TEXT = 42650
MAIN_MENU_CALL_LOG_TEXT = 42651
MAIN_MENU_FILE_MNGR_TEXT = 42652
MAIN_MENU_MMEDIA_TEXT = 42653
MAIN_MENU_EXTRA_TEXT = 42654
MAIN_MENU_TOOLS_TEXT = 42655
STR_USB_CONFIG_TITLE = 42994
STR_USB_CONFIG_MS = 42995
STR_USB_CONFIG_CDCACM_DATA = 42996
STR_USB_CONFIG_MS_ONLY = 42997
STR_ID_USB_NO_MS_FOR_PC = 42998
STR_ID_USB_SYS_NOT_READY = 42999
STR_ID_USB_UART2_OCCUPIED = 43000
STR_ID_MOTION = 43250
STR_ID_MOTION_SETTINGS = 43251
STR_ID_MOTION_SENSOR = 43252
STR_ID_AUTO_SWITCH_DISPLAY_ORIENTATION = 43253
STR_ID_FLIP_PHONE_TO_MUTE_INCOMING_CALL = 43254
STR_ID_FLIP_PHONE_TO_MUTE_ALARM = 43255
STR_ID_TAP_TAP_TO_START_RECORD_IN_CALL = 43256
STR_ID_MMI_SSO_ACCOUNTS = 43318
STR_ID_APPMEM_ATTR_STOPPING = 5362
STR_ID_APPMEM_PROMPT_STOP_APP = 5363
STR_ID_APPMEM_STOP = 5364
STR_ID_APPMEM_WAIT = 5365
STR_ID_APPMEM_NOTIFY_STARTING_NEW = 5366
STR_ID_APPMEM_NOTIFY_STOPPED = 5367
STR_ID_NMGR_DISMISS = 5463
STR_SCR_PBOOK_CAPTION = 8192
STR_ID_PHB_ADD_DETAILS = 8193
STR_ID_PHB_DELETE_DETAILS = 8194
STR_ID_PHB_SEND_MULTI_MESSAGE_QUERY_1 = 8195
STR_ID_PHB_SEND_MULTI_MESSAGE_QUERY_2 = 8196
STR_ID_PHB_SEND_MULTI_MESSAGE_QUERY_3 = 8197
STR_ID_PHB_SETTINGS = 8198
STR_ID_PHB_STORAGE_BOTH = 8199
STR_ID_PHB_COPY_SEVERAL = 8200
STR_ID_PHB_MOVE_SEVERAL = 8201
STR_ID_PHB_DELETE_ALL = 8202
STR_ID_PHB_NO_CONTACT = 8203
STR_ID_PHB_INVALID_LOCATION = 8204
STR_ID_PHB_TO_PHONE = 8205
STR_ID_PHB_FROM_PHONE = 8206
STR_ID_PHB_TO_SIM = 8207
STR_ID_PHB_FROM_SIM = 8208
STR_ID_PHB_UNNAMED = 8209
STR_ID_PHB_OPTION_VIEW_PIC = 8210
STR_ID_PHB_FMGR_IMAGE_SELECT_FILE = 8211
STR_ID_PHB_FMGR_IMAGE_NO_SELECT = 8212
STR_ID_PHB_FMGR_TO_NEW_ENTRY = 8213
STR_ID_PHB_FMGR_TO_SELECT_ENTRY = 8214
STR_ID_PHB_FMGR_IMAGE_SELECTED = 8215
STR_MITEM101 = 8216
STR_ID_PHB_ADD_NEW_CONTACT = 8217
STR_ID_PHB_NAME_NUM_REQUIRE = 8218
STR_PBOOK_FULL_MSG = 8219
STR_SIM_FULL_MSG = 8220
STR_PHONE_FULL_MSG = 8221
STR_ID_PHB_NO_ENTRY_TO_SELECT = 8222
STR_SCR_PBOOK_VIEW_CAPTION = 8223
STR_SCR_INLINE_EDIT_CAPTION = 8224
STR_SCR_ENTRY_VIEW_CAPTION = 8225
STR_ID_PBAP_BQB_TEST = 8226
STR_PROCESSING_PHONEBOOK = 8227
STR_SCR_ADD_NEW_ENTRY_CAPTION = 8228
STR_ID_PHB_NAME = 8229
STR_ID_PHB_NUMBER = 8230
STR_ID_PHB_VCARD = 8231
STR_ID_PHB_VCARD_EDIT_MYCARD = 8232
STR_ID_PHB_COPY_NUM_WITH_QUESTION_MARK = 8233
STR_ID_PHB_COPY_NUM_WITH_W = 8234
STR_ID_PHB_MOVE_NUM_WITH_QUESTION_MARK = 8235
STR_ID_PHB_OP_IMAGE_FAIL = 8236
STR_ID_PHB_OP_VIDEO_FAIL = 8237
STR_ID_PHB_OP_IMAGE_VIDEO_FAIL = 8238
STR_ID_PHB_NAME_MODIFIED = 8239
STR_NOT_SAVED_NUMBER_TOO_LONG = 8240
STR_COPIED_NAME_MODIFIED = 8241
STR_ID_PHB_PARTIAL_COPIED = 8242
STR_ID_PHB_EXTRA_NUMBER = 8243
STR_ID_PHB_ADD_MORE_NUMBER = 8244
STR_ID_PHB_ADN_FORBID = 8245
STR_EMAIL_ADRESS = 8246
STR_ID_PHB_SEP_COLON = 8247
STR_ID_PHB_INVLID_PREFFER_STORAGE = 8248
STR_ID_PHB_VIP_CONTACT_CHANGE = 8249
STR_ID_PHB_CALLER_PIC = 8250
STR_ID_PHB_CALLER_RING = 8251
STR_SCR8054_CALL_FDL_CAPTION = 8252
STR_MENU9167_FIXED_DIAL = 8253
STR_ID_SECSET_REPLACE_WILDCARD = 8254
STR_SETTING_FDL_LIST = 8255
STR_FDL_IS_ON = 8256
STR_FDL_IS_OFF = 8257
STR_ID_PHB_BT_SYNC = 8258
STR_ID_PHB_BT_SETTINGS = 8259
STR_ID_PHB_PBAPC_SRV_IS_BUSY = 8260
STR_SCR3000_FUNANDGAMES_CAPTION = 9193
STR_ID_SRV_PROF_TONE_1 = 7764
STR_ID_SRV_PROF_TONE_2 = 7765
STR_ID_SRV_PROF_TONE_3 = 7766
STR_ID_SRV_PROF_TONE_4 = 7767
STR_ID_SRV_PROF_TONE_5 = 7768
STR_ID_SRV_PROF_RING_1 = 7769
STR_ID_SRV_PROF_RING_2 = 7770
STR_ID_SRV_PROF_RING_3 = 7771
STR_ID_SRV_PROF_RING_4 = 7772
STR_ID_SRV_PROF_RING_5 = 7773
STR_ID_GPS = 7506
STR_ID_GPS_SETTING_MAIN = 7507
STR_ID_GPS_SETTING_RECEIVER = 7508
STR_ID_GPS_SETTING_SELECT = 7509
STR_ID_GPS_SETTING_SAVE = 7510
STR_ID_GPS_SETTING_ASK_SAVE_SETTING = 7511
STR_ID_GPS_SETTING_SAVE_OK = 7512
STR_ID_GPS_SETTING_ASK_SAVE_CHANGED_IF_SAVE = 7513
STR_ID_GPS_SETTING_AGPS = 7514
STR_ID_GPS_SETTING_AGPS_SETTING = 7515
STR_ID_GPS_SETTING_AGPS_AUTO = 7516
STR_ID_GPS_SETTING_AGPS_PROFILE = 7517
STR_ID_GPS_SETTING_AGPS_SEND_LOCATION = 7518
STR_ID_GPS_SETTING_AGPS_PROFILE_NAME = 7519
STR_ID_GPS_SETTING_AGPS_PROFILE_ADDR = 7520
STR_ID_GPS_SETTING_AGPS_PROFILE_PUSH_SMS_NUM = 7521
STR_ID_GPS_SETTING_AGPS_PROFILE_PORT = 7522
STR_ID_GPS_SETTING_AGPS_PROFILE_INVALID_PORT = 7523
STR_ID_GPS_SETTING_AGPS_PROFILE_INVALID_DATA_ACCOUNT = 7524
STR_ID_GPS_SETTING_INPUT_EDITOR_OPTION_DONE = 7525
STR_ID_GPS_SETTING_INPUT_EDITOR_OPTION_CANCEL = 7526
STR_ID_GPS_SETTING_TIME_SYNC = 7527
STR_ID_GPS_SETTING_COLON = 7528
STR_ID_GPS_SETTING_MINI_GPS = 7529
STR_ID_GPS_MGR_NETWORK_CREATE_FAIL = 7530
STR_ID_GPS_MGR_BAD_PUSH_CONTENT = 7531
STR_ID_GPS_MGR_NOT_SUPPORTED = 7532
STR_ID_GPS_MGR_REQ_NOT_ACCEPTED = 7533
STR_ID_GPS_MGR_NO_RESOURCE = 7534
STR_ID_GPS_MGR_NETWORK_DISCONN = 7535
STR_ID_GPS_MGR_REMOTE_ABORT = 7536
STR_ID_GPS_MGR_TIMER_EXPIRY = 7537
STR_ID_GPS_MGR_REMOTE_MSG_ERROR = 7538
STR_ID_GPS_MGR_REQ_POS = 7539
STR_ID_GPS_MGR_REQ_POS_REQUESTOR = 7540
STR_ID_GPS_MGR_REQ_POS_APPLICATION = 7541
STR_ID_GCALL_UNKNOWN_CALLER = 9755
STR_ID_GCALL_RESTRICTED = 9756
STR_ID_GCALL_UNAVAILABLE = 9757
STR_ID_GCALL_UNABLE_TO_CONNECT = 9758
STR_ID_GCALL_OP_FAIL = 9759
STR_ID_GCALL_FDN_FAIL = 9760
STR_ID_GCALL_CALL_ENDED = 9761
STR_ID_GCALL_CALL_ABORTED = 9762
STR_ID_GCALL_REDIAL = 9763
STR_ID_GCALL_REDIAL_TIMES = 9764
STR_ID_GCALL_REDIAL_NEXT_ATTEMPT = 9765
STR_ID_GCALL_REDIAL_SEC = 9766
STR_ID_GCALL_REDIAL_MIN = 9767
STR_ID_GCALL_DTMF_CONFIRMATION = 9768
STR_ID_GCALL_SS_NFY_CF_ON = 9769
STR_ID_GCALL_SS_NFY_ALL_BARRED = 9770
STR_ID_GCALL_SS_NFY_ALL_OUTGOING_BARRED = 9771
STR_ID_GCALL_SS_NFY_ALL_INCOMING_BARRED = 9772
STR_ID_GCALL_SS_NFY_WTG = 9773
STR_ID_GCALL_SS_NFY_HLD = 9774
STR_ID_GCALL_SS_NFY_RTVD = 9775
STR_ID_GCALL_SS_NFY_CONF = 9776
STR_ID_GCALL_SS_NFY_CUG = 9777
STR_ID_GCALL_SS_NFY_CLIR_REJECTED = 9778
STR_ID_GCALL_SS_NFY_CTFAC = 9779
WGUI_CATEGORY_ABC_STRING_ID = 10707
WGUI_CATEGORY_abc_STRING_ID = 10708
WGUI_CATEGORY_123_STRING_ID = 10709
STR_ID_MTE_PIN = 10710
STR_MENU_INPUT_METHOD = 28824
STR_INPUT_METHOD_MULTITAP_U_ABC = 28825
STR_INPUT_METHOD_MULTITAP_L_ABC = 28826
STR_INPUT_METHOD_NUMERIC = 28827
STR_INPUT_METHOD_MENU_INSERT_SYMBOLS = 23469
STR_INPUT_METHOD_MENU_SELECT_SYMBOL = 23470
STR_ID_INPUT_MODE_PINYIN = 23471
STR_ID_INPUT_MODE_BIHUA = 23472
STR_INLINE_EDITOR = 25741
STR_ID_SAT_MENU_TITLE = 11571
STR_ID_SAT_PLAY_TONE = 11572
STR_ID_SAT_SEND_SMS = 11573
STR_ID_SAT_SEND_SS = 11574
STR_ID_SAT_SEND_USSD = 11575
STR_ID_SAT_SETUP_CALL_CONFIRM = 11576
STR_ID_SAT_SEND_DTMF = 11577
STR_ID_SAT_NEXT_ACTION_SEND_SMS = 11578
STR_ID_SAT_NEXT_ACTION_SETUP_CALL = 11579
STR_ID_SAT_NEXT_ACTION_PROVIDE_LOCAL_INFORMATION = 11580
STR_ID_SAT_NEXT_ACTION_PROVIDE_LOCAL_INFO = 11581
STR_LOW_BATTERY = 11633
STR_CHARGER_CONNECTED = 11634
STR_CHARGER_REMOVED = 11635
STR_USB_CHARGER_CONNECTED = 11636
STR_USB_CHARGER_REMOVED = 11637
STR_LOW_BATTERY_SHUTDOWN = 11638
STR_LOW_BATTERY_MT_PROHIBIT = 11639
STR_ID_CHARGER_CHARGING_ERROR = 11640
STR_ID_CHARGER_BATTERY_ERROR = 11641
FMGR_FS_ABORTED_ERROR_TEXT = 11877
FMGR_FS_PATH_OVER_LEN_ERROR_TEXT = 11878
FMGR_FS_ROOT_DIR_FULL_TEXT = 11879
FMGR_FS_MEDIA_CHANGED_TEXT = 11880
FMGR_FS_FAT_ALLOC_ERROR_TEXT = 11881
FMGR_FS_WRITE_PROTECTION_TEXT = 11882
FMGR_FS_DRIVE_NOT_FOUND_TEXT = 11883
FMGR_FS_PARAM_ERROR_TEXT = 11884
FMGR_FS_FILE_NOT_FOUND_TEXT = 11885
FMGR_FS_ACCESS_DENIED_TEXT = 11886
FMGR_FS_PATH_NOT_FOUND_TEXT = 11887
FMGR_FS_DEVICE_BUSY_TEXT = 11888
FMGR_FS_APP_QUOTA_FULL_TEXT = 11889
STR_FMGR_CARD_MOUNTING = 11890
STR_MENU_ID_CONNECTIVITY_TEXT = 12680
STR_ID_CONNECTIVITY_TEXT = 12681
STR_ID_MDI_COMMON_FAIL = 7607
STR_ID_MDI_COMMON_OPEN_FAIL = 7608
STR_ID_MDI_COMMON_PLAY_FAIL = 7609
STR_ID_MDI_COMMON_RECORD_FAIL = 7610
STR_ID_MDI_COMMON_WRITE_PROTECTION = 7611
STR_ID_MDI_COMMON_HW_NOT_READY = 7612
STR_ID_MDI_COMMON_INVALID_FILE = 7613
STR_ID_MDI_AUDIO_NO_AUD_TRACK = 7614
STR_ID_MDI_CAMERA_PREVIEW_FAILED = 7615
STR_ID_MDI_CAMERA_CAPTURE_FAILED = 7616
STR_ID_MDI_CAMERA_XENONFLASH_TIMEOUT = 7617
STR_ID_MDI_CAMERA_XENONFLASH_LOW_BATTERY = 7618
STR_ID_MDI_WEBCAM_USB_NOTIFY_ERROR = 7619
STR_ID_MDI_MOTION_NO_SLOT = 7620
STR_ID_MDI_MOTION_CB_NOT_FOUND = 7621
STR_ID_MDI_GPS_UART_ERR_PORT_ALREADY_OPEN = 7622
STR_ID_MDI_GPS_UART_ERR_PORT_NUMBER_WRONG = 7623
STR_ID_MDI_GPS_UART_ERR_PARAM_ERROR = 7624
STR_ID_MDI_GPS_UART_ERR_PORT_ALREADY_CLOSED = 7625
STR_ID_MDI_GPS_UART_ERR_PORT_ERR_UNKNOW = 7626
STR_ID_MDI_GPS_UART_ERR_PORT_ERR_NOT_OPEN = 7627
STR_ID_MDI_GPS_UART_ERR_NO_SLOT = 7628
STR_MDI_AUDPLY = 7708
STR_MDI_AUD_INFO = 7711
STR_ID_PHNSET_GPIO_SETTING = 23623
STR_ID_PHNSET_GPIO_BACKLITE = 23624
STR_ID_PHNSET_GPIO_BACKLITE_LEVEL = 23625
STR_ID_PHNSET_PICTURE_QUALITY = 23626
STR_ID_PHNSET_PICTURE_QUALITY_ENABLED = 23627
STR_ID_PHNSET_PICTURE_QUALITY_DISABLED = 23628
STR_DEF_ENCODING_TYPE_UCS2 = 23040
STR_DEF_ENCODING_TYPE_ASCII = 23041
STR_DEF_ENCODING_TYPE_UTF_8 = 23042
STR_DEF_ENCODING_TYPE_UTF_16LE = 23043
STR_DEF_ENCODING_TYPE_UTF_16BE = 23044
STR_DEF_ENCODING_TYPE_WINDOWS_1252 = 23045
STR_ID_SRV_CALLSET_RESULT_FULL = 9571
STR_ID_SRV_CALLSET_RESULT_TOO_LONG = 9572
STR_ID_SRV_CALLSET_RESULT_DUPLICATED = 9573
STR_ID_SRV_CALLSET_RESULT_EMPTY = 9574
STR_ID_SRV_SS_BS_ALL_TELESERVICES = 9622
STR_ID_SRV_SS_BS_TELEPHONY = 9623
STR_ID_SRV_SS_BS_ALL_DATA_TELESERVICES = 9624
STR_ID_SRV_SS_BS_FACSIMILE_SERVICES = 9625
STR_ID_SRV_SS_BS_SHORT_MESSAGE_SERVICES = 9626
STR_ID_SRV_SS_BS_ALL_TELESERVICES_EXCEPT_SMS = 9627
STR_ID_SRV_SS_BS_VOICE_GROUP_CALL_SERVICE = 9628
STR_ID_SRV_SS_BS_VOICE_BROADCAST_SERVICE = 9629
STR_ID_SRV_SS_BS_ALL_BEARER_SERVICES = 9630
STR_ID_SRV_SS_BS_ALL_ASYNC_SERVICES = 9631
STR_ID_SRV_SS_BS_ALL_SYNC_SERVICES = 9632
STR_ID_SRV_SS_BS_ALL_DATA_CIRCUIT_SYNC = 9633
STR_ID_SRV_SS_BS_ALL_DATA_CIRCUIT_ASYNC = 9634
STR_ID_SRV_SS_BS_ALL_GPRS_BEARER_SERVICES = 9635
STR_ID_SRV_SS_BS_BS_ALLPADACCESSCA_SERVICES = 9636
STR_ID_SRV_SS_BS_BS_ALLDATAPDS_SERVICES = 9637
STR_ID_SRV_SS_BAOC = 9638
STR_ID_SRV_SS_BOIC = 9639
STR_ID_SRV_SS_BOICEXHC = 9640
STR_ID_SRV_SS_BAIC = 9641
STR_ID_SRV_SS_BAICROAM = 9642
STR_ID_SRV_SS_BAC = 9643
STR_ID_SRV_SS_BOC = 9644
STR_ID_SRV_SS_BIC = 9645
STR_ID_SRV_SS_CB_UNKNOWN = 9646
STR_ID_SRV_SS_CFU = 9647
STR_ID_SRV_SS_CFB = 9648
STR_ID_SRV_SS_CFNRY = 9649
STR_ID_SRV_SS_CFNRC = 9650
STR_ID_SRV_SS_CFA = 9651
STR_ID_SRV_SS_CFC = 9652
STR_ID_SRV_SS_CF_UNKNOWN = 9653
STR_ID_SRV_SS_CW = 9654
STR_ID_SRV_SS_ACTIVATED = 9655
STR_ID_SRV_SS_ACTIVATED_PERMANENTLY = 9656
STR_ID_SRV_SS_ACTIVATED_BY_DEFAULT = 9657
STR_ID_SRV_SS_DEACTIVATED = 9658
STR_ID_SRV_SS_DEACTIVATED_BY_DEFAULT = 9659
STR_ID_SRV_SS_PROVIDED = 9660
STR_ID_SRV_SS_NOT_PROVIDED = 9661
STR_ID_SRV_SS_WRONG_PASSWD = 9662
STR_ID_SRV_SS_BLOCK = 9663
STR_ID_SRV_SS_CLIP = 9664
STR_ID_SRV_SS_CLIR = 9665
STR_ID_SRV_SS_COLP = 9666
STR_ID_SRV_SS_COLR = 9667
STR_ID_SRV_SS_CNAP = 9668
STR_ID_SRV_SS_CCBS = 9669
STR_ID_SRV_SS_EMLPP = 9670
STR_ID_SRV_SS_NOT_AVAILABLE = 9671
STR_ID_SRV_SS_FDN_FAIL = 9672
STR_ID_IDLE_MAIN_MENU = 25555
STR_ID_IDLE_CONTACT = 25556
STR_ID_CUI_DIALER_NO_SPEED_DIAL_NUM = 25658
STR_ID_SLK_UNLOCK = 25627
STR_ID_SLK_KBD_HELP_MSG = 25628
STR_ID_SLK_KBD_HELP_MSG2 = 25629
STR_ID_SLK_KBD_UNLOCK_ME_MSG = 25630
STR_ID_SLK_TIME_SETTING = 25631
STR_ID_SLK_15_SEC = 25632
STR_ID_SLK_30_SEC = 25633
STR_ID_SLK_1_MIN = 25634
STR_ID_SLK_5_MIN = 25635
STR_ID_NWNAME_LIMITED_SERVICE = 25679
STR_ID_NWNAME_INVALID_SIM = 25680
STR_ID_NWNAME_NO_SERVICE = 25681
STR_ID_NWNAME_INSERT_SIM = 25682
STR_ID_NWNAME_SIM_ACCESS_ERROR = 25683
STR_ID_NWNAME_SIM_BLOCKED = 25684
STR_ID_NWNAME_SIM_DISCONNECTED = 25685
STR_ID_NWNAME_SIM_ACCESS_PROFILE = 25686
STR_ID_NWNAME_SELECT_NETWORK = 25687
STR_ID_NWNAME_FLIGHT_MODE = 25688
STR_ID_NWNAME_SIM_CLOSED = 25689
STR_ID_NWNAME_INVALID_IMEI = 25690
STR_ID_NWNAME_SAME_IMEI = 25691
STR_ID_NWNAME_PREPAREING_SIM_CARD = 25692
STR_ID_PHB_MOBILE_NUMBER = 29378
STR_HOME_NUMBER = 29379
STR_OFFICE_NUMBER = 29380
STR_FAX_NUMBER = 29381
STR_EMERGENCY_NUMBER = 29382
STR_ID_ALERT_QUESTION_MARK = 29687
STR_ID_UCM_VOICE_INCOMING = 29964
STR_GDI = 29435
Venus_Theme = 29995
STR_ID_APP_MRE_AM = 29999
STR_FULLSCREEN_EDITOR = 30200
SCR_ID_DLS_WAIT = 4803
SCR_ID_DLS_QUERY = 4804
SCR_ID_MRE_UPDATE_QUERY = 4805
SCR_ID_MRE_UPDATE_WAIT = 4806
SCR_ID_MRE_UPDATE_RESULT = 4807
SCR_EXTDEV_BT_BEGIN = 30536
GRP_ID_BT_CM = 30537
GRP_ID_BT_CM_POWER_ON_CNF = 30538
GRP_ID_BT_CM_SELECT_DEVICE = 30539
GRP_ID_BT_CM_INQUIRY_DEVICE = 30540
GRP_ID_BT_CM_PROGRESS = 30541
GRP_ID_BT_CM_PASSKEY_INPUT = 30542
GRP_ID_BT_CM_SECURITY_CNF = 30543
GRP_ID_BT_CM_PASSKEY_NOTIFY = 30544
GRP_ID_BT_CM_AUTH = 30545
GRP_ID_BT_CM_BLOCK_CNF = 30546
GRP_ID_BT_CM_CONNECT_ACCEPT_CNF_HFP = 30547
GRP_ID_BT_CM_CONNECT_ACCEPT_CNF_HSP = 30548
GRP_ID_BT_CM_CONNECT_ACCEPT_CNF_BIP = 30549
GRP_ID_BT_CM_CONNECT_ACCEPT_CNF_FTP = 30550
GRP_ID_BT_CM_CONNECT_ACCEPT_CNF_OPP = 30551
GRP_ID_BT_CM_CONNECT_ACCEPT_CNF_SPP = 30552
GRP_ID_BT_CM_CONNECT_ACCEPT_CNF_DUN = 30553
GRP_ID_BT_CM_CONNECT_ACCEPT_CNF_FAX = 30554
GRP_ID_BT_CM_CONNECT_ACCEPT_CNF_PBAP = 30555
GRP_ID_BT_CM_CONNECT_ACCEPT_CNF_HID = 30556
GRP_ID_BT_CM_CONNECT_ACCEPT_CNF_SYNC = 30557
GRP_ID_BT_CM_CONNECT_ACCEPT_CNF_SAP = 30558
GRP_ID_BT_PBAPC_AUTHENTICATE = 30559
GRP_ID_BT_AUTO_CONNECT = 30560
SCR_BT_MAIN = 30561
SCR_BT_POWER_ON_CNF = 30562
SCR_BT_RELEASE_DEV_CONN_CNF = 30563
SCR_BT_RELEASE_ALL_CONN_CNF = 30564
SCR_BT_RELEASE_AUD_CONN_CNF = 30565
SCR_BT_POWER_PRO = 30566
SCR_BT_REL_ALL_CONN_PRO = 30567
SCR_BT_REL_DEV_CONN_PRO = 30568
SCR_BT_REL_PROFILE_CONN_PRO = 30569
SCR_BT_SWITCH_LIMIT_DISCOVER_MODE = 30570
SCR_BT_LIMIT_DISCOVER_MODE = 30571
SCR_BT_SCH_PRO = 30572
SCR_BT_SCH_DISCONNECT_SCO = 30573
SCR_BT_SCH_RES = 30574
SCR_BT_SCH_CANCEL_PRO = 30575
SCR_BT_BOND = 30576
SCR_BT_REFREAH_PROFILE = 30577
SCR_BT_PIN_INPUT = 30578
SCR_PBAPC_PASSWORD = 30579
SCR_BT_PAIR_PRO = 30580
SCR_BT_AUTH_CONFIRM = 30581
SCR_BT_CONNECT_CNF = 30582
SCR_BT_CONNECTING = 30583
SCR_BT_CONNECT_ACCEPT_CNF_HFP = 30584
SCR_BT_CONNECT_ACCEPT_CNF_HSP = 30585
SCR_BT_CONNECT_ACCEPT_CNF_BIP = 30586
SCR_BT_CONNECT_ACCEPT_CNF_FTP = 30587
SCR_BT_CONNECT_ACCEPT_CNF_OPP = 30588
SCR_BT_CONNECT_ACCEPT_CNF_SPP = 30589
SCR_BT_CONNECT_ACCEPT_CNF_DUN = 30590
SCR_BT_CONNECT_ACCEPT_CNF_FAX = 30591
SCR_BT_CONNECT_ACCEPT_CNF_PBAP = 30592
SCR_BT_CONNECT_ACCEPT_CNF_HID = 30593
SCR_BT_CONNECT_ACCEPT_CNF_SYNC = 30594
SCR_BT_CONNECT_ACCEPT_CNF_SAP = 30595
SCR_BT_NUMERIC_CONFIRM = 30596
SCR_BT_PASSKEY_NOTIFY = 30597
SCR_BT_UNBLOCKING = 30598
SCR_BT_DEVICE_BLOCK_CNF = 30599
SCR_BT_REMOTE_CTRL_POWER_CONFIRM = 30600
SCR_BT_REMOTE_CTRL_CONN_AUTH = 30601
SCR_BT_REMOTE_CTRL_APP_SELECT = 30602
SCR_BT_REMOTE_CTRL_APP = 30603
SCR_BT_REMOTE_CTRL_UNPLUG_CONFIRM = 30604
SCR_BT_REMOTE_CTRL_DISC_CONFIRM = 30605
SCR_BT_REMOTE_CTRL_PROGRESS = 30606
SCR_BT_MYDEV = 30607
SCR_BT_MYDEV_OPT = 30608
SCR_BT_MYDEV_PROF_CHO = 30609
SCR_BT_MYDEV_CON = 30610
SCR_BT_MYDEV_CONNECTED_PROF = 30611
SCR_BT_MYDEV_DISCON = 30612
SCR_BT_MYDEV_SIM_CNF = 30613
SCR_BT_MYDEV_SIM_SEL = 30614
SCR_BT_MYDEV_REN = 30615
SCR_BT_MYDEV_REN_OPT = 30616
SCR_BT_MYDEV_AUTH = 30617
SCR_BT_MYDEV_DEL = 30618
SCR_BT_MYDEV_DEL_ALL = 30619
SCR_BT_MYDEV_SUP_PROFILE = 30620
SCR_BT_MYDEV_SCH = 30621
SCR_BT_ACT_DEV = 30622
SCR_BT_DISC_PROC = 30623
SCR_BT_ENFORCE_DISC_CNF = 30624
SCR_BT_SET = 30625
SCR_BT_SET_NAME = 30626
SCR_BT_SET_NAME_OPT = 30627
SCR_BT_SET_VIS = 30628
SCR_BT_SET_VIS_MENU = 30629
SCR_BT_SET_AUTH = 30630
SCR_BT_SET_AUDIO_PATH = 30631
SCR_BT_SET_BLOCK_LIST = 30632
SCR_BT_SET_FTP = 30633
SCR_BT_SET_SIMAP = 30634
SCR_BT_SET_STORAGE = 30635
SCR_BT_SET_SHARING = 30636
SCR_BT_SET_PERMISSION = 30637
SCR_BT_SET_IMAGE_FOLDER = 30638
SCR_BT_SET_STORAGE_CONFIRM = 30639
SCR_BT_SEL_DRV1 = 30640
SCR_BT_SEL_DRV2 = 30641
SCR_BT_SEL_DRV3 = 30642
SCR_BT_SEL_DRV4 = 30643
SCR_BT_SEND_DUMMY = 30644
SCR_BT_SEND_DEVICE_OPTION = 30645
SCR_BT_SEND_CNF_TO_DEFAULT = 30646
SCR_BT_SEND_CNF_SET_DEFAULT = 30647
SCR_BT_SEND_CNF_POWER_ON = 30648
SCR_BT_ABOUT = 30649
SCR_BT_MY_SPECIFIC_DEV = 30650
SCR_BT_MY_SPECIFIC_DEV_DUMMY = 30651
SCR_BT_SWITCH_SPEECH_PATH = 30652
SCR_BT_CONNECT_LAST_HEADSET = 30653
SCR_BT_NOT_ALLOWED = 30654
SCR_BT_NOT_PROHIBIT_BY_SIMAP = 30655
SCR_BT_SET_DEFAULT_HS = 30656
SCR_BT_CM_LAST = 30657
SCR_HF_CONNECTING = 30658
SCR_HF_RELEASING = 30659
SCR_OPP_NOTY_FILE_RECV = 30660
SCR_OPP_NOTY_RECV_ACCEPT = 30661
SCR_OPP_SENDING = 30662
SCR_OPP_ABORTING = 30663
SCR_OPP_DISCONNECTING = 30664
SCR_FTP_SETTING = 30665
SCR_FTP_ACCESS_RIGHT_OPTION = 30666
SCR_FTP_SELECT_SHARED_FOLDER = 30667
SCR_FTP_NOTY_CONN_REQ = 30668
SCR_FTP_FILE_BROWSER = 30669
SCR_FTP_NOTY_FILE_RECV = 30670
SCR_FTP_RECEIVING = 30671
SCR_FTP_DISCONNECTING = 30672
SCR_FTP_ABORTING = 30673
SCR_FTP_DETAIL_INFO = 30674
SCR_FTP_MARK_SEVERAL = 30675
SCR_FTP_CONNECTING = 30676
SCR_FTP_OPENING_FOLDER = 30677
SCR_FTP_CONNECT_CANCELING = 30678
SCR_ID_BT_AVCRP_CT_MAIN = 30679
SCR_BPP_DUMMY = 30680
SCR_BPP_CONNECTING = 30681
SCR_BPP_AUTHENTICATING = 30682
SCR_BPP_GETTING = 30683
SCR_BPP_PRINT_SETTING = 30684
SCR_BPP_LAYOUT_PREVIEW = 30685
SCR_BPP_CREATING = 30686
SCR_BPP_COMPOSING = 30687
SCR_BPP_PRINTING = 30688
SCR_BPP_TROUBLE = 30689
SCR_BPP_DISCONNECTING = 30690
SCR_OBEX_INPUT_AUTHPWD = 30691
SCR_BPP_SP_PRINT_SETUP = 30692
SCR_BPP_SP_PREVIEW = 30693
SCR_BPP_SP_PRINTING = 30694
SCR_BPP_SP_PASSWORD_INPUT = 30695
SCR_BPP_SP_TROUBLE = 30696
SCR_BPP_SP_DUMMY = 30697
SCR_BPP_SP_PRINT_OPTION = 30698
SCR_BPP_PRINTER_SETUP_OPTION = 30699
GRP_ID_BIP_OBJ_DETAIL = 30700
SCR_BIP_SETTING = 30701
SCR_BIP_SENDING = 30702
SCR_BIP_CONNECTING = 30703
SCR_BIP_ABORTING = 30704
SCR_BIP_RECEIVING = 30705
SCR_BIP_DISCONNECTING = 30706
SCR_BIP_IMGLIST_BROWSER = 30707
SCR_BIP_IMG_DETAIL = 30708
SCR_BIP_THM_PREVIEW = 30709
SCR_BIP_IMGLIST_OPTION = 30710
SCR_BIP_GETTING_IMGPROP = 30711
SCR_BIP_NOTY_CONN_REQ = 30712
SCR_BIP_NOTY_FILE_RECV = 30713
SCR_BIP_NOTY_CONTINUE_SEND = 30714
SCR_BIP_EXIT_CONFIRM = 30715
SCR_BIP_CONNECT_CANCELING = 30716
SCR_BIP_PUSH_ABORTING = 30717
SCR_BIP_RECV_FILE_CONFIRM = 30718
GRP_ID_PBAP_AUTHENTICATION = 30719
SCR_PBAP_AUTHENTICATING_ID = 30720
SCR_PBAP_NOTY_CONN_REQ_ID = 30721
SCR_EXTDEV_BT_LAST = 30722
GRP_ID_BT_BPP = 30723
GRP_ID_BOOTUP = 30987
SCR_ID_BOOTUP_BASE = 30988
SCR_ID_BOOTUP_DISK_CHECK_FORMAT_QUERY = 30989
SCR_ID_BOOTUP_DISK_CHECK_FORMATTING = 30990
SCR_ID_BOOTUP_SIM_SELECTION = 30991
SCR_ID_BOOTUP_FLIGHT_MODE_QUERY = 30992
SCR_ID_BOOTUP_DETECT_FACTORY_MODE_END = 30993
SCR_ID_BOOTUP_ANIMATION = 30994
SCR_ID_BOOTUP_DUMMY_WAITING = 30995
SCR_ID_BOOTUP_REAL_WAITING = 30996
SCR_ID_BOOTUP_PHONE_LOCK = 30997
SCR_ID_BOOTUP_CHV1_OR_PER = 30998
SCR_ID_BOOTUP_UBCHV1 = 30999
SCR_ID_BOOTUP_NEW_CHV1 = 31000
SCR_ID_BOOTUP_CONFIRM_NEW_CHV1 = 31001
SCR_ID_BOOTUP_PER_LOCK_WAITING = 31002
SCR_ID_BOOTUP_PEN_CALIBRATION_BASE = 31003
GRP_ID_SIM_CTRL = 31209
GRP_ID_SHUTDOWN = 31230
SCR_ID_SHUTDOWN_BASE = 31231
SCR_ID_SHUTDOWN_ANIMATION = 31232
GRP_ID_SECSET = 31281
GRP_ID_SECSET_VERIFICATION = 31282
GRP_ID_SECSET_SSC = 31283
GRP_ID_SECSET_SHORTCUT = 31284
SCR_ID_SECSET_DUMMY_WAITING = 31285
SCR_ID_CUI_PWD_BASIC = 31453
SCR_ID_IMGVIEW_VIEW = 31484
SCR_ID_IMGVIEW_IMG_INFO = 31485
SCR_ID_AUDPLY_BASE = 31827
SCR_ID_AUDPLY_PLAY_ANIMATION = 31828
GRP_ID_AUDPLY_PLAY_ANIMATION = 31829
GRP_ID_WC = 33557
GRP_ID_WC_SUB_LCD = 33558
GRP_ID_WC_SELECT = 33559
GRP_ID_WC_DST = 33560
SCR_ID_WC_BROWSE_CITY = 33561
SCR_ID_WC_APP = 33562
SCR_ID_WC_OPTIONS = 33563
SCR_ID_WC_DST = 33564
SCR_ID_WC_TOTAL = 33565
GRP_ID_CALLSET_COMMON = 33758
GRP_ID_CALLSET_CF = 33759
GRP_ID_SS_COMMON = 33909
GRP_ID_SS_SIM1 = 33910
GRP_ID_SS_SIM1_USSR = 33911
GRP_ID_SS_SIM2 = 33912
GRP_ID_SS_SIM2_USSR = 33913
GRP_ID_SS_SIM3 = 33914
GRP_ID_SS_SIM3_USSR = 33915
GRP_ID_SS_SIM4 = 33916
GRP_ID_SS_SIM4_USSR = 33917
SCR_ID_SS_REQUESTING = 33918
SCR_ID_SS_USSR = 33919
SCR_ID_SS_USSN = 33920
SCR_ID_SS_RESULT = 33921
GRP_ID_DTCNT = 34284
GRP_ID_DTCNT_PROV = 34285
GRP_ID_DATA_CONNECTION_SIM = 34286
SCR_ID_DTCNT_LIST = 34287
SCR_ID_DTCNT_LIST_OPTION = 34288
SCR_ID_DTCNT_CSD_COMMON = 34289
SCR_ID_DTCNT_GPRS_COMMON = 34290
SCR_ID_DTCNT_ADVANCED = 34291
SCR_ID_DTCNT_OTA_LIST = 34292
SCR_ID_DTCNT_EDIT = 34293
SCR_ID_DTCNT_NOTIFICATION = 34294
SCR_ID_DTCNT_MAIN = 34295
SCR_ID_DTCNT_GPRS_LIST = 34296
SCR_ID_DTCNT_OTA_GPRS_LIST = 34297
SCR_ID_DTCNT_LIST_ALWAYS_ASK = 34298
SCR_ID_DTCNT_LIST_ACCOUNT_SELECTION = 34299
SCR_ID_DTCNT_CUI_NORMAL_LIST = 34300
SCR_ID_DTCNT_CUI_SIM_LIST = 34301
SCR_ID_DTCNT_CUI_NORMAL_DUAL_ACCT_LIST = 34302
SCR_ID_DTCNT_CUI_NORMAL_DUAL_ACCT_LIST_EACH = 34303
SCR_ID_DTCNT_CUI_CBM_LIST = 34304
SCR_ID_DTCNT_CUI_WLAN_LIST = 34305
SCR_ID_DTCNT_CUI_WLAN_SEARCH_PROCESS = 34306
SCR_ID_DTCNT_CUI_PASSPHRASE_INPUT = 34307
SCR_ID_DTCNT_CUI_WAPI_PSK_INPUT = 34308
SCR_ID_DTCNT_CUI_WAPI_CERT_INPUT = 34309
SCR_ID_DTCNT_CUI_CSD_COMMON_VIEW = 34310
SCR_ID_DTCNT_CUI_GPRS_COMMON_VIEW = 34311
SCR_ID_DTCNT_CUI_ADVANCED_VIEW = 34312
SCR_ID_DTCNT_PROGRESSING = 34313
GRP_ID_CLOG_BEGIN = 34850
GRP_ID_CLOG_ROOT = 34851
GRP_ID_CLOG_LAYOUT = 34852
GRP_ID_CLOG_LAYOUT_MARK = 34853
GRP_ID_CLOG_VIEWER = 34854
GRP_ID_CLOG_OPTION = 34855
GRP_ID_CLOG_OPTION_VIEWER = 34856
GRP_ID_CLOG_ACTION = 34857
GRP_ID_CLOG_ADVANCED = 34858
GRP_ID_CLOG_CALL_TIME = 34859
GRP_ID_CLOG_CALL_COST = 34860
GRP_ID_CLOG_SMS_COUNT = 34861
GRP_ID_CLOG_GPRS_COUNT = 34862
SCR_ID_CLOG_NAME_LIST = 34863
SCR_ID_CLOG_MAIN_MENU = 34864
SCR_ID_CLOG_LAYOUT = 34865
SCR_ID_CLOG_DIALED_CALL = 34866
SCR_ID_CLOG_RECVED_CALL = 34867
SCR_ID_CLOG_MISSED_CALL = 34868
SCR_ID_CLOG_ALL_CALL = 34869
SCR_ID_CLOG_OPTION = 34870
SCR_ID_CLOG_ADVANCED = 34871
SCR_ID_CLOG_VIEWER = 34872
GRP_ID_PROFILES = 35182
SCR_KEY_TONE_VOLUME = 35183
SCR_MAIN_SCREENSAVER = 35815
SCR_SCREENSAVER_SETTING = 35816
SCR_SCREENSAVER_SELECT = 35817
SCR_SCREENSAVER_SYSTEM_LIST = 35818
SCR_SCREENSAVER_VIEW = 35819
SCR_SCREENSAVER_VIEW_2 = 35820
SCR_SCREENSAVER_DOWNLOAD_VIEW = 35821
GRP_ID_SCREENSAVER_SETTING = 35822
GRP_ID_SCREENSAVER_SYSTEM = 35823
GRP_ID_SCREENSAVER_MAIN = 35824
SCR_MAIN_WALLPAPER = 35916
SCR_MAIN_WALLPAPER_FIX = 35917
SCR_WALLPAPER_SYSTEM_LIST = 35918
SCR_WALLPAPER_VIEW = 35919
SCR_WALLPAPER_VIEW_2 = 35920
SCR_WALLPAPER_DOWNLOAD_VIEW = 35921
SCR_ID_PHNSET_IDLE_CLOCK_TYPE = 35922
SCR_IDLE_SCR_DISP_WP_PREVIEW = 35923
SCR_IDLE_SCR_DISP_WPSS_WAITING = 35924
GRP_ID_DISPLAY_FMGR_COMMON = 35925
GRP_ID_WALLPAPER_MAIN = 35926
GRP_ID_WALLPAPER_SYSTEM = 35927
GRP_ID_WALLPAPER_SYSTEM_SUB = 35928
GRP_ID_WALLPAPER_PREVIEW = 35929
GRP_ID_WALLPAPER_LIVE_WALLPAPER = 35930
GRP_ID_WALLPAPER_ROTATE = 35931
GRP_ID_WALLPAPER_HOME_WALLPAPER = 35932
GRP_ID_WALLPAPER_LOCK_WALLPAPER = 35933
SCR_ID_PHNSET_POWER_ON = 36118
SCR_ID_PHNSET_POWER_ON_SYSTEM_LIST = 36119
SCR_ID_PHNSET_POWER_ON_SYSTEM_VIEW = 36120
SCR_ID_PHNSET_POWER_ON_SYSTEM_VIEW_2 = 36121
SCR_ID_PHNSET_POWER_ON_USER_VIEW = 36122
SCR_ID_PHNSET_POWER_OFF = 36123
SCR_ID_PHNSET_POWER_OFF_SYSTEM_LIST = 36124
SCR_ID_PHNSET_POWER_OFF_SYSTEM_VIEW = 36125
SCR_ID_PHNSET_POWER_OFF_SYSTEM_VIEW_2 = 36126
SCR_ID_PHNSET_POWER_OFF_USER_VIEW = 36127
SCR_ID_PHNSET_POWER_ON_OFF_LAST = 36128
GRP_ID_POWER_ON_OFF_MAIN = 36129
GRP_ID_POWER_ON_OFF_SYSTEM = 36130
GRP_ID_POWER_ON_OFF_PREVIEW = 36131
SCR_FLIGHT_MODE_PROGRESS = 36219
SCR_CALIBRATION_SETTING = 37033
GRP_ID_PHNSET_CALIBRATION = 37034
SCR9003_INITIALSETUP = 37145
SCR9146_WELCOME_TEXT = 37146
SETTINGS_SETHOMECITY_SCREENID = 37147
SCR_ID_PHNSET_UART_REBOOT_PROCESSING = 37148
GRP_ID_PHNSET_MENU = 37149
GRP_ID_PHNSET_DISP_SETUP = 37150
GRP_ID_PHNSET_TIME_DATE = 37151
GRP_ID_PHNSET_FLIGHT_MODE = 37152
GRP_ID_PHNSET_SCHEDULE_POWER = 37153
GRP_ID_PHNSET_UART_SETUP = 37154
GRP_ID_PHNSET_FONT_SIZE = 37155
GRP_ID_PHNSET_DEF_ENCODING_TYPE = 37156
GRP_ID_PHNSET_WELCOME_TEXT = 37157
SCR_LANGUAGE_SELECTION = 37158
GRP_ID_PHNSET_LANGUAGE = 37159
GRP_ID_PHNSET_SET_HOME_FOREIGN_CITY = 37160
GRP_ID_PHNSET_CHANGE_DATE_TIME = 37161
GRP_ID_PHNSET_SET_TIME_AND_DATE = 37162
GRP_ID_PHNSET_SET_TIME_AND_DATE_FORMAT = 37163
GRP_ID_PHNSET_SEPARATE_SET_DT_AND_FORMAT = 37164
GRP_ID_PHNSET_MAINMENU_STYLE = 37165
GRP_ID_PHNSET_DIAL_STYLE = 37166
GRP_ID_PHNSET_VUI_HOMESCREEN = 37167
GRP_ID_PHNSET_VUI_MAINMENU_EFFECT = 37168
GRP_ID_PHNSET_HOMESCREEN = 37169
GRP_ID_PHNSET_SCRSWITCH_EFFECT = 37170
GRP_ID_PHNSET_IDLE_CLOCK_TYPE = 37171
GRP_ID_PHNSET_SHOW_OPN = 37172
GRP_ID_PHNSET_SHOW_DT_TIME = 37173
GRP_ID_PHNSET_DUAL_CLOCK_IDLESCREEN = 37174
GRP_ID_PHNSET_CALENDAR_IDLESCREEN = 37175
GRP_ID_PHNSET_SHOW_OWNER_NUMBER = 37176
GRP_ID_SETTING_MAIN_MENU = 37177
SCR_RESTORE = 37346
SCR_RESTORE_PROCESSING = 37347
SCR_SETTING_RESTORE_CONFIRM = 37348
GRP_ID_PHNSET_RESTORE = 37349
GRP_ID_SETTING_MREAPPS = 37357
GRP_ID_SETTING_MREAPPS_PROCESSING = 37358
SCR_ID_SETTING_MREAPPS = 37359
SCR_ID_SETTING_MREAPPS_PROCESSING = 37360
SCR_ID_SETTING_MREAPPS_CONFIRM = 37361
GRP_ID_NETSET_MAIN = 37378
GRP_ID_NETSET_NW_SELECT = 37379
GRP_ID_NETSET_PREF_MODE = 37380
GRP_ID_NETSET_PREF_LIST = 37381
GRP_ID_NETSET_SERVICE_SELECTION = 37382
SCR_ID_NETSET_MAIN = 37383
SCR_ID_NETSET_SIM = 37384
SCR_ID_NETSET_NETWORK_SELECTION = 37385
SCR_ID_NETSET_NETWORK_SELECTION_REGISTER_PROGRESS = 37386
SCR_ID_NETSEL_AUTO_REGISTER_PROGRESS = 37387
SCR_ID_NETSEL_MANUAL_SEARCH_PROGRESS = 37388
SCR_ID_NETSEL_MANUAL_REGISTER_PROGRESS = 37389
SCR_ID_NETSEL_MANUAL_SEARCH_SHOW_PLMN = 37390
SCR_ID_NETSEL_SELECT_MODE = 37391
SCR_ID_NETSEL_ADDTIONAL_INFORMATION = 37392
SCR_ID_NETSEL_ADDTIONAL_INFORMATION_PROGRESS = 37393
SCR_ID_NETSET_PREF_MODE = 37394
SCR_ID_NETSET_PREF_MODE_PROGRESS = 37395
SCR_ID_NETSET_SERVICE_SELECTION = 37396
SCR_ID_NETSET_SET_RAT_PROGRESS = 37397
SCR_ID_NETSET_RAT_QUERY = 37398
SCR_ID_NETSET_NETWORK_INFO = 37399
SCR_ID_NETSET_GPRS_CONNECTION = 37400
SCR_ID_NETSET_SET_GPRS_PROGRESS = 37401
SCR_ID_NETSET_SET_PCH_PROGRESS = 37402
SCR_ID_NETSET_SET_PCH_CONFIRM = 37403
SCR_ID_NETSET_HSPA = 37404
SCR_ID_NETSET_HSPA_PROGRESS = 37405
SCR_ID_NETSET_HSPA_LIST = 37406
SCR_ID_MODE_SWITCH_START = 37579
SCR_ID_MODE_SWITCH_SIM_SELECTION = 37580
SCR_ID_MODE_SWITCH_QUERY_CONFIRM = 37581
SCR_ID_MODE_SWITCH_SWITCH_PROGRESS = 37582
GRP_ID_MODE_SWITCH_SETTING = 37583
GRP_ID_MODE_SWITCH_TYPE = 37584
GRP_ID_MODE_SWITCH_QUERY = 37585
SCR_ID_MODE_SWITCH_END = 37586
GRP_ID_SAT_INPUT_OPT = 37833
SCR_ID_SAT_CMD_SCREEN = 37834
SCR_ID_ALM_LIST = 39243
SCR_ID_ALM_SAVE_CONFIRM = 39244
SCR_ID_ALM_INDICATION = 39245
SCR_ID_ALM_PWRON_CONFIRM = 39246
SCR_ID_ALM_EDITOR = 39247
SCR_ID_ALM_AUDIO_OPT_FMRADIO = 39248
SCR_ID_ALM_AUDIO_OPT_FMRADIO_CHANNEL_LIST = 39249
SCR_ID_ALM_AUDIO_OPT_FMRDO_CHANNEL_OPT = 39250
SCR_ID_ALM_FMRDO_PREV = 39251
SCR_ID_ALM_FMRDO_MANUAL_INPUT = 39252
SCR_ID_ALM_FMRDO_MANUAL_INPUT_OPT = 39253
SCR_ID_ALM_TONE_SETUP = 39254
SCR_ID_ALM_TONE_SETUP_EXT_MELODY = 39255
SCR_ID_ALM_TONE_SETUP_EXT_MELODY_DRV = 39256
SCR_ID_ALM_SETTING = 39257
SCR_ID_ALM_CUSTOM_REPEAT_TYPE = 39258
SCR_ID_ALM_TOTAL = 39259
GRP_ID_ALM_LIST = 39260
GRP_ID_ALM_IND = 39261
GRP_ID_ALM_EDITOR = 39262
GRP_ID_ALM_AUDIO_OPTION = 39263
GRP_ID_ALM_AUDIO_OPTION_MAN_INPUT = 39264
GRP_ID_ALM_AUDIO_FM_CHANNEL_OPTION = 39265
GRP_ID_ALM_AUDIO_FM_MAN_OPTION = 39266
GRP_ID_ALM_REPEAT_TYPE_MENU = 39267
GRP_ID_ALM_TOTAL = 39268
GRP_ID_NITZ_APP = 39294
GRP_ID_NITZ_INDICATION = 39295
SCR_ID_NITZ_BASE = 39296
SCR_ID_SETTINGS_NITZ = 39297
SCR_ID_NITZ_CONFIRM = 39298
SCR_ID_NITZ_MAX = 39299
GRP_ID_NTP_APP = 39315
ORGANIZER_SCREENID = 39437
GRP_ID_ORG = 39438
GRP_ID_DIALER_MAIN = 40393
SCR_ID_VOBJ_RECV_OBJECT = 40435
GRP_ID_VOBJ_BEGIN = 40436
GRP_ID_VOBJ_REC_IMPS = 40437
GRP_ID_VOBJ_REC_IDLE = 40438
GRP_ID_VOBJ_END = 40439
GRP_ID_UCM_PRE_MO = 41042
GRP_ID_UCM_MO = 41043
GRP_ID_UCM_MT = 41044
GRP_ID_UCM_INCALL = 41045
GRP_ID_UCM_VT = 41046
GRP_ID_UCM_INT_MARKER = 41047
GRP_ID_UCM_MARKER = 41048
GRP_ID_UCM_CALL_END = 41049
GRP_ID_UCM_AUTO_REDIAL = 41050
GRP_ID_UCM_CONFIRM = 41051
GRP_ID_UCM_MO_FAIL_POST_ACTION = 41052
GRP_ID_UCM_UHA = 41053
SCR_ID_UCM_OUTGOING = 41054
SCR_ID_UCM_INCOMING = 41055
SCR_ID_UCM_IN_CALL = 41056
SCR_ID_UCM_DTMF_EDITOR = 41057
SCR_ID_UCM_MULTI_HELD_CALL = 41058
SCR_ID_UCM_CALL_END = 41059
SCR_ID_UCM_VOIP_DIALER = 41060
SCR_ID_UCM_VOICE_DIALER = 41061
SCR_ID_UCM_TRANSFER = 41062
SCR_ID_UCM_DEFLECT = 41063
SCR_ID_UCM_CONFIRM = 41064
SCR_ID_UCM_PROCESSING = 41065
SCR_ID_UCM_AUTO_REDIAL = 41066
SCR_ID_UCM_DIAL_CALL_TYPE_MENU = 41067
SCR_ID_UCM_BGS_EFFECT_SELECT = 41068
SCR_ID_UCM_URIAGENT_CONFIRM = 41069
SCR_ID_UCM_SEND_DTMF = 41070
SCR_ID_UCM_DUMMY = 41071
SCR_ID_UCM_ECT_CONFIRM = 41072
SCR_ID_UCM_REJ_BY_SMS_CONFIRM = 41073
SCR_ID_UCM_DISCONNECT_SCREEN = 41074
SCR_ID_UCM_GRAY_SCREEN = 41075
SCR_ID_UCM_MO_FAIL_POST_ACTION = 41076
SCR_ID_UCM_VT_INCALL = 41077
SCR_ID_UCM_VT_DIALER = 41078
SCR_ID_UCM_VT_MO_FAIL_POST_ACTION = 41079
SCR_ID_UCM_VT_FALLTO_VOICE_NOTIFY = 41080
SCR_ID_UCM_VT_VIDEO_QUALITY = 41081
SCR_ID_UCM_VT_PIC_VIEWER = 41082
GRP_ID_UCM_BT_PRE_MO = 41243
GRP_ID_UCM_BT_MO = 41244
GRP_ID_UCM_BT_MT = 41245
GRP_ID_UCM_BT_INCALL = 41246
GRP_ID_UCM_BT_CALL_END = 41247
GRP_ID_UCM_BT_DEV_NOTI = 41248
SCR_ID_UCM_BT_OUTGOING = 41249
SCR_ID_UCM_BT_INCOMING = 41250
SCR_ID_UCM_BT_IN_CALL = 41251
SCR_ID_UCM_BT_CALL_END = 41252
SCR_ID_UCM_BT_PROCESSING = 41253
SCR_ID_UCM_BT_DUMMY = 41254
SCR_ID_UCM_BT_DIALLING = 41255
SCR_ID_UCM_END_AND_ACCEPT_CONFIRM = 41256
SCR_ID_UCM_BT_DTMF_EDITOR = 41257
SCR_ID_UCM_BT_DEV_NOTIFY = 41258
SCR_ID_MSG_DELIVER_REPORT = 41487
SCR_ID_MSG_CLASS0_MSG = 41488
SCR_ID_MSG_MSG_WAITING_IND = 41489
SCR_ID_MSG_EXCEED_IND = 41490
SCR_ID_MSG_USE_USSD_EDIT = 41491
SCR_ID_MSG_SAVE_OBJECT_LIST = 41492
SCR_ID_MSG_SAVE_OBJECT_NAME = 41493
SCR_ID_MSG_EMS_INSERT_OBJECT = 41494
SCR_ID_MSG_EMS_OBJECT_LIST = 41495
SCR_ID_MSG_EMS_PREVIEW_OBJECT = 41496
SCR_ID_SMS_VIEWER = 41497
SCR_ID_SMS_USE_ADDRESS = 41498
SCR_ID_SMS_EDITOR = 41499
SCR_ID_SMS_ADD_RECIPIENT = 41500
SCR_ID_SMS_SC_NUMBER = 41501
SCR_ID_SMS_EMAIL_SC_NUMBER = 41502
SCR_ID_SMS_PROCESSING = 41503
SCR_ID_SMS_SENDING = 41504
SCR_ID_SMS_ABORT_SENDING = 41505
SCR_ID_SMS_EDIT_RECIPIENT = 41506
SCR_ID_SMS_ENTER_NUMBER = 41507
SCR_ID_SMS_DUMMY = 41508
SCR_ID_SMS_TEMPLATE_LIST = 41509
SCR_ID_SMS_MEMORY_STATUS = 41510
SCR_ID_SMS_PREFERRED_STORAGE = 41511
SCR_ID_SMS_PROFILE_LIST = 41512
SCR_ID_SMS_VM_VOICE_MAIL_LIST = 41513
SCR_ID_SMS_VM_VOICE_MAIL_EDIT = 41514
SCR_ID_SMS_OPTION_DETAILS = 41515
SCR_ID_SMS_SCR_BACKUP_RESTORE_PROVIDER_LIST = 41516
SCR_ID_SMS_SCR_BACKUP_RESTORE_PROCESSING = 41517
SCR_ID_SMS_LIST = 41518
SCR_ID_SEARCH_WEB_DUMMY = 42240
MAIN_MENU_SCREENID = 42642
SCR_ID_FILE_MANAGER = 42643
SCR_ID_MMEDIA = 42644
SCR_ID_CAMERA = 42645
GRP_ID_USB_BOOT_MODE = 42994
GRP_ID_USB_MMI = 42995
SCR_DEV_USBDETECT = 42996
SCR_USB_POWER_ON = 42997
SCR_USB_CHGR_CMPLT = 42998
SCR_USB_POWER_ON_DONE = 42999
SCR_ID_USB_WEBCAM = 43000
SCR_ID_USB_PROGRESS = 43001
SCR_ID_USB_WAIT = 43002
SCR_ID_VIEW_SETTING_COMMON_FILE_PREVIEW = 43025
SCR_ID_VIEW_SETTING_COMMON_WAITING_POPUP = 43026
GRP_ID_VIEW_SETTING_COMMON_FMGR = 43027
GRP_ID_VIEW_SETTING_FILE_COMMON_PREVIEW = 43028
GRP_ID_MMI_CBM_APP = 43047
SCR_ID_MMI_CBM_NOTIFY = 43048
SCR_ID_NMGR_MESSGAGE_CONFIRM = 5463
SCR_ID_FUNANDGAMEG_GROUP = 9193
SCR_ID_GPS_SETTING_MAIN = 7506
SCR_ID_GPS_SETTING_AGPS_SETTING = 7507
SCR_ID_GPS_SETTING_AGPS_PROFILE = 7508
SCR_ID_GPS_SETTING_AGPS_PROFILE_OPTION = 7509
SCR_ID_GPS_SETTING_AGPS_PROFILE_EDIT = 7510
SCR_ID_GPS_SETTING_ASK_SAVE_SCREEN = 7511
SCR_ID_GPS_SETTING_BT_PAIRING = 7512
SCR_ID_GPS_SETTING_INPUT_EDITOR = 7513
SCR_ID_GPS_SETTING_INPUT_EDITOR_OPTION = 7514
SCR_ID_GIS_SETTING_PORT_CHOOSE = 7515
SCR_ID_GPS_SETTING_DUMMY = 7516
SRC_ID_GPS_MGR_NOTIFY = 7517
SRC_ID_GPS_MGR_MTLR_NOTIFY = 7518
SCR_ID_AGPS_SUPL_OTAP_PROF_INFO = 7519
SCR_ID_AGPS_SUPL_OTAP_PROF_LIST = 7520
GRP_ID_PHNSET_HANDWRITING = 23469
CUI_INLINE_MAIN_SCREEN_SCRN_ID = 25741
CUI_INLINE_FULLSCREEN_EDIT_SCRN_ID = 25742
CUI_INLINE_FULLSCREEN_OPTION_LIST_SCRN_ID = 25743
CUI_INLINE_IMAGETEXT_EDIT_SCRN_ID = 25744
CUI_INLINE_IMAGETEXT_OPIONT_LIST_SCRN_ID = 25745
GRP_ID_CHARGER_ROOT = 11633
SCR_CHARGER_POWER_ON = 11634
SCR_CHARGING_COMPLETE = 11635
SCR_ABNORMAL_CHARGING = 11636
SCR_LOW_POWEROFF_SCR = 11637
SCR_EXTRA = 12798
SCR9147_APHORISM_TEXT = 12799
SCR_ID_APP_DEVAPP = 43471
SCR_ID_CUI_SIM_SEL_LIST = 28601
GRP_ID_GPIO_ROOT = 23623
GRP_ID_GPIO_BACKLIGHT_SETTING = 23624
GRP_ID_GPIO_LED_SETTING = 23625
SCR_ID_GPIO_BACKLIGHT_SETTING = 23626
SCR_ID_GPIO_CONTRAST_SETTING = 23627
SCR_ID_GPIO_COVER_SETTING = 23628
GRP_ID_IDLE_MAIN = 25555
SCR_ID_IDLE_MAIN = 25556
SCR_ID_IDLE_SUBLCD = 25557
SCR_ID_NMGR_DUMMY = 25606
SCR_ID_NMGR_NOTIFY = 25607
SCR_ID_NMGR_NOTIFY_ON_IDLE = 25608
GRP_ID_CUI_DIALER_SEARCH_SETTING = 25658
SCR_ID_CUI_DIALER_MAIN = 25659
GRP_ID_SLK_MAIN = 25627
SCR_ID_SLK_MAIN = 25628
GRP_ID_SLK_SETTING = 25629
SCR_ID_CUI_USE_DETAIL_EDIT = 29835
SCR_ID_CUI_USE_DETAIL_VIEW_LIST = 29836
MRE_SYS_TIMER_0 = 4803
MRE_SYS_TIMER_1 = 4804
MRE_SYS_TIMER_2 = 4805
MRE_SYS_TIMER_3 = 4806
MRE_SYS_TIMER_4 = 4807
MRE_SYS_TIMER_5 = 4808
MRE_SYS_TIMER_6 = 4809
MRE_SYS_TIMER_7 = 4810
MRE_SYS_TIMER_8 = 4811
MRE_SYS_TIMER_9 = 4812
MRE_SYS_TIMER_10 = 4813
MRE_SYS_TIMER_11 = 4814
MRE_SYS_TIMER_12 = 4815
MRE_SYS_TIMER_13 = 4816
MRE_SYS_TIMER_14 = 4817
MRE_SYS_TIMER_15 = 4818
MRE_SYS_TIMER_16 = 4819
MRE_SYS_TIMER_17 = 4820
MRE_SYS_TIMER_18 = 4821
MRE_SYS_TIMER_19 = 4822
MRE_SYS_TIMER_20 = 4823
MRE_SYS_TIMER_21 = 4824
MRE_SYS_TIMER_22 = 4825
MRE_SYS_TIMER_23 = 4826
MRE_SYS_TIMER_24 = 4827
MRE_SYS_TIMER_25 = 4828
MRE_SYS_TIMER_26 = 4829
MRE_SYS_TIMER_27 = 4830
MRE_SYS_TIMER_28 = 4831
MRE_SYS_TIMER_29 = 4832
MRE_SYS_TIMER_30 = 4833
MRE_SYS_TIMER_31 = 4834
MRE_SYS_TIMER_32 = 4835
MRE_SYS_TIMER_33 = 4836
MRE_SYS_TIMER_34 = 4837
MRE_SYS_TIMER_35 = 4838
MRE_SYS_TIMER_36 = 4839
MRE_SYS_TIMER_37 = 4840
MRE_SYS_TIMER_38 = 4841
MRE_SYS_TIMER_39 = 4842
MRE_SYS_TIMER_40 = 4843
MRE_SYS_TIMER_41 = 4844
MRE_SYS_TIMER_42 = 4845
MRE_SYS_TIMER_43 = 4846
MRE_SYS_TIMER_44 = 4847
MRE_SYS_TIMER_45 = 4848
MRE_SYS_TIMER_46 = 4849
MRE_SYS_TIMER_47 = 4850
MRE_SYS_TIMER_48 = 4851
MRE_SYS_TIMER_49 = 4852
MRE_SYS_TIMER_50 = 4853
MRE_SYS_TIMER_51 = 4854
MRE_SYS_TIMER_52 = 4855
MRE_SYS_TIMER_53 = 4856
MRE_SYS_TIMER_54 = 4857
MRE_SYS_TIMER_55 = 4858
MRE_SYS_TIMER_56 = 4859
MRE_SYS_TIMER_57 = 4860
MRE_SYS_TIMER_58 = 4861
MRE_SYS_TIMER_59 = 4862
MRE_SYS_TIMER_60 = 4863
MRE_SYS_TIMER_61 = 4864
MRE_SYS_TIMER_62 = 4865
MRE_SYS_TIMER_63 = 4866
MRE_SYS_TIMER_64 = 4867
MRE_SYS_TIMER_65 = 4868
MRE_SYS_TIMER_66 = 4869
MRE_SYS_TIMER_67 = 4870
MRE_SYS_TIMER_68 = 4871
MRE_SYS_TIMER_69 = 4872
MRE_SYS_TIMER_70 = 4873
MRE_SYS_TIMER_71 = 4874
MRE_SYS_TIMER_72 = 4875
MRE_SYS_TIMER_73 = 4876
MRE_SYS_TIMER_74 = 4877
MRE_SYS_TIMER_75 = 4878
MRE_SYS_TIMER_76 = 4879
MRE_SYS_TIMER_77 = 4880
MRE_SYS_TIMER_78 = 4881
MRE_SYS_TIMER_79 = 4882
MRE_SYS_TIMER_80 = 4883
MRE_SYS_TIMER_81 = 4884
MRE_SYS_TIMER_82 = 4885
MRE_SYS_TIMER_83 = 4886
MRE_SYS_TIMER_84 = 4887
MRE_SYS_TIMER_85 = 4888
MRE_SYS_TIMER_86 = 4889
MRE_SYS_TIMER_87 = 4890
MRE_SYS_TIMER_88 = 4891
MRE_SYS_TIMER_89 = 4892
MRE_SYS_TIMER_90 = 4893
MRE_SYS_TIMER_91 = 4894
MRE_SYS_TIMER_92 = 4895
MRE_SYS_TIMER_93 = 4896
MRE_SYS_TIMER_94 = 4897
MRE_SYS_TIMER_95 = 4898
MRE_SYS_TIMER_96 = 4899
MRE_SYS_TIMER_97 = 4900
MRE_SYS_TIMER_98 = 4901
MRE_SYS_TIMER_99 = 4902
BT_LP2_TESTING_TIMER = 30536
BT_LP2_DELAY_TIMER = 30537
BT_MMI_MAP_CONNECT_TIMER = 30538
BT_AUTHORIZE_SCREEN_OPP_TIMER = 30539
BT_AUTHORIZE_SCREEN_FTP_TIMER = 30540
BT_AUTHORIZE_SCREEN_BIP_TIMER = 30541
BT_AUTHORIZE_HID_TIMER = 30542
BT_AUTHORIZE_SCREEN_HFP_TIMER = 30543
BT_AUTHORIZE_SCREEN_HSP_TIMER = 30544
BT_AUTHORIZE_SCREEN_SPP_TIMER = 30545
BT_AUTHORIZE_SCREEN_DUN_TIMER = 30546
BT_AUTHORIZE_SCREEN_FAX_TIMER = 30547
BT_AUTHORIZE_SCREEN_SIMAP_TIMER = 30548
BT_AUTHORIZE_SCREEN_PBAP_TIMER = 30549
BT_AUTHORIZE_SCREEN_SYNC_TIMER = 30550
BT_SEND_DUMMY_TIMER = 30551
BT_PROG_UPDATE_TIMER = 30552
BOOTUP_WAITING_EVENT_TIMER = 30987
BOOTUP_ANIMATION_TIMER = 30988
BOOTUP_WAITING_SCREEN_TIMER = 30989
SHUTDOWN_PROCESS_TIMER = 31230
IV_LOADING_TIMER = 31785
CUI_TONE_SELECTOR_PLAY_TIMER = 31816
AUDPLY_PROCESS_ADD_FILE_TIMER = 31827
AUDPLY_COUNT_PLAY_TIMER = 31828
AUDPLY_DELAY_PLAY_TIMER = 31829
AUDPLY_SINGLE_PLAY_TIMER = 31830
AUDPLY_SEEKING_TIMER = 31831
AUDPLY_STATUS_ICON_TIMER = 31832
AUDPLY_DISPLAY_LYRICS_TIMER = 31833
USSR_SESSION_TIMER = 33909
TIMER_PROFILES_TONE_PLAY = 35182
KEY_VOL_TIMER_ID = 35183
FMGR_AUDIO_TIMER = 35413
FMGR_SCR_TIMER = 35414
ALARM_ALERT_NOTIFYDURATION_TIMER = 39243
ALARM_TIMER_WAIT_FOR_CALL = 39244
UCM_NOTIFY_DURATION_TIMER = 41042
UCM_FTE_AUTO_LOCK_TIMER_ID = 41043
UCM_VT_FALL_TO_VOICE_NOTIFY_TIMER_ID = 41044
VT_START_CAMERA_QUERY_TIMER = 41045
CM_UPDATE_NCENTER_TIMER = 41046
TIMER_ID_UCM_DELAY_RING = 41047
UCM_NOTIFY_DURATION_TIMER_BT = 41243
UCM_TONE_AFTER_VIBRATION_BT = 41244
UCM_MO_PROCESSING_TIMER_BT = 41245
UCM_FORCE_REFRESH_TIMER_BT = 41246
UCM_VOL_BAR_SHOW_TIMER_BT = 41247
UCM_VOL_STR_SHOW_TIMER_BT = 41248
UCM_VOL_SET_DELAY_TIMER_BT = 41249
MESSAGES_SUBLCD_TIMER_ID = 41487
MESSAGES_INPROGRESS_TIMER_ID = 41488
MESSAGES_EMS_OBJECT_PLAY_TIMER_ID = 41489
USB_WAIT_FOR_MASS_STORAGE = 42994
MMI_NOTIFICATION_SERVICE_TIMER = 5463
MMI_NMGR_VIB_THEN_RING_TIMER = 5464
PHB_NOTIFYDURATION_TIMER = 8192
PHB_READ_SPEED_DIAL_TIMER = 8193
PHB_LIST_SPEAK_NAME_TIMER = 8194
PHB_1ST_STARTUP_ASK_TIMER = 8195
PHB_1ST_STARTUP_ASK_TIMER_SIM2 = 8196
PHB_1ST_STARTUP_ASK_TIMER_SIM3 = 8197
PHB_1ST_STARTUP_ASK_TIMER_SIM4 = 8198
PHB_CHOOSE_FIELD_TIMER = 8199
SRV_PROF_STORE_CUR_TIMER = 7764
SRV_PROF_STORE_BUF_TIMER = 7765
MESSAGES_SMS_BOOTUP_TIMER_ID = 9467
MESSAGES_CONTINUE_SEND_SMS_PROCESS_TIMER_ID = 9468
SRV_SMS_LMS_RECV_TIMER_ID = 9469
GPS_MGR_NOTIFY_TIMER_ID_1 = 7506
GPS_MGR_NOTIFY_TIMER_ID_2 = 7507
GPS_MGR_NOTIFY_TIMER_ID_3 = 7508
GPS_MGR_NOTIFY_TIMER_ID_4 = 7509
GPS_MGR_NOTIFY_TIMER_ID_5 = 7510
GPS_MGR_SET_MODE_TIMER_ID = 7511
SS_NOTIFY_TIMER = 9755
BLINKING_CURSOR = 10707
FMGR_DELAY_DECODE_0 = 10708
CAT9010_TIMER = 10709
POPUP_TIMER = 23469
POPUP_SUBLCD = 23470
TIMER_ID_SRV_NW_INFO_SIGNAL_ANIMATION = 8059
SAT_MESSAGE_WAIT_TIMER = 11571
SAT_PLAY_TONE_TIMER = 11572
LOW_BATTERY_SCR_TIMER = 11633
BOOTUP_CHARGER_DETECT_TIMER = 11634
USB_SHUTDOWN_SCR_TIMER = 12686
PENDING_USBDETECTION_HDLR_TIMER = 12687
TIMER_PROFILES_ALERT_PLAY = 7607
MDI_AUDIO_PLAYER_TEXT_TIMER = 7608
MDI_AUDIO_CRESCENDO_TIMER = 7609
UCM_CONFIRM_TIMER_ID = 13775
UCM_AUTO_REDIAL_TIMER = 13776
UCM_SEND_DTMF_TIMER = 13777
UCM_AUTO_ANSWER_MACHINE_TIMER = 13778
UCM_AUTO_ANSWER_MACHINE_END_TIMER = 13779
MRE_APPMGR_RX_TX_TIMER = 15421
SRV_MOTION_DIRECT_TIMER_ID = 23570
BACKLIGHT_TIMER = 23592
TIMER_KEYPAD_BACKLIGHT = 23593
GPIO_KEYPAD_LIGHT_TIMER = 23594
BT_CMD_GUARD_TIMER = 15533
BT_POWER_OFF_GUARD_TIMER = 15534
BT_RELEASE_ALL_CON_GUARD_TIMER = 15535
BT_TEMP_VISIBLE_TIMER = 15536
BT_FTPC_BROWSE_FILES_FAILED_TIMER = 15537
SRV_BLE_UPDATE_CONN_INTERVAL_TIMER_ID0 = 15555
SRV_BLE_UPDATE_CONN_INTERVAL_TIMER_ID1 = 15556
SRV_BLE_UPDATE_CONN_INTERVAL_TIMER_ID2 = 15557
SRV_BLE_UPDATE_CONN_INTERVAL_TIMER_ID3 = 15558
SRV_BLE_UPDATE_CONN_INTERVAL_TIMER_ID4 = 15559
SRV_BLE_UPDATE_CONN_INTERVAL_TIMER_ID5 = 15560
SRV_BLE_UPDATE_CONN_INTERVAL_TIMER_ID6 = 15561
SRV_BLE_UPDATE_CONN_INTERVAL_TIMER_ID7 = 15562
SRV_BLE_SET_ADV_INTERVAL_TIMER_ID = 15563
FONT_SILENT_REBOOT_TIMER = 23387
IDLE_NMGR_GUARD_TIMER = 25606
EMERGENCY_NO_DIALED_TRANSIANT_SCR_TIMER = 25658
KEYPAD_LOCK_TIMER = 25627
IDLE_APP_AUTO_LOCK_TIMER_ID = 25628
NTP_SYNC_TIMER = 25730
NTPD_PROTO_TIMER = 25731
TIMER_REAL_TIME_CLOCK = 28590
IDLE_SHOW_BADFILE_WARNING_TIMER = 28591
IDLE_SHOW_SUB_BADFILE_WARNING_TIMER = 28592
MMI_PHNSET_COPY_WAIT_TIMER = 28593
MMI_NETSET_3G_WAIT_TIMER = 28594
SRV_CNMGR_TIMER_ID = 29813
UCM_AUTO_ANSWER_TIMER = 29964
CM_ALERT_NOTIFYDURATION_TIMER = 29965
CM_CTR_TIMER = 29966
CM_AUTO_QUICK_END_TIMER = 29967
CM_VIB_NOTIFYDURATION_TIMER = 29968
GDI_TIMER_BASE = 29435
SOGPS_SET_CONN_INTERVAL_TIMER_ID = 30211
AWS_UT_TIMER = 30235
AWS_WATCHDOG_TIMER = 30236
AWS_ISINK_BLUE_LED_TIMER = 30237
AWS_KPLED_GREEN_LED_TIMER = 30238
EVT_ID_SPPC_CONNECT_CNF = 30536
EVT_ID_SPPC_DISCONNECT_CNF = 30537
EVT_ID_SPPC_READY_TO_READ = 30538
EVT_ID_SPPC_READY_TO_WRITE = 30539
EVT_ID_SPPS_CONNECT_IND = 30540
EVT_ID_SPPS_DISCONNECT_CNF = 30541
EVT_ID_SPPS_READY_TO_READ = 30542
EVT_ID_SPPS_READY_TO_WRITE = 30543
EVT_ID_MMI_CLOG_ACT_START_APPLY = 34850
EVT_ID_MMI_CLOG_ACT_APPLY_DONE = 34851
EVT_ID_MMI_CLOG_LT_EXIST = 34852
EVT_ID_MMI_CLOG_VR_EXIT = 34853
EVT_ID_SRV_PROF_PROFILE_SWITCHED = 7764
EVT_ID_SRV_PROF_IS_PLAYING = 7765
EVT_ID_SRV_PROF_VOL_CHANGED = 7766
EVT_ID_SRV_SMS_BEGIN = 9467
EVT_ID_SRV_SMS_READY = 9468
EVT_ID_SRV_SMS_NEW_MSG = 9469
EVT_ID_SRV_SMS_NEW_MSG_WAITING = 9470
EVT_ID_SRV_SMS_STATUS_REPORT = 9471
EVT_ID_SRV_SMS_SIM_REFRESH = 9472
EVT_ID_SRV_SMS_AT_CMD_IND = 9473
EVT_ID_SRV_SMS_MEM_EXCEED = 9474
EVT_ID_SRV_SMS_MEM_FULL = 9475
EVT_ID_SRV_SMS_MEM_AVAILABLE = 9476
EVT_ID_SRV_SMS_ADD_MSG = 9477
EVT_ID_SRV_SMS_DEL_MSG = 9478
EVT_ID_SRV_SMS_UPDATE_MSG = 9479
EVT_ID_SRV_SMS_UPDATE_SENDING_ICON = 9480
EVT_ID_SRV_SMS_UPDATE_UNSENT_MSG_STATUS = 9481
EVT_ID_SRV_SMS_API_SEND_MSG = 9482
EVT_ID_SRV_SMS_UPDATE_COUNTER = 9483
EVT_ID_SRV_SMS_REFRESH_MSG = 9484
EVT_ID_SRV_SMS_CLEAR_FOLDER = 9485
EVT_ID_SRV_SMS_HIDE_LIST = 9486
EVT_ID_SRV_SMS_ADD_REPORT = 9487
EVT_ID_SRV_SMS_DEL_REPORT = 9488
EVT_ID_SRV_SMS_UPDATE_REPORT = 9489
EVT_ID_SRV_SMS_PS_NORMAL_IND = 9490
EVT_ID_SRV_SMS_PS_STORAGE_IND = 9491
EVT_ID_SRV_SMS_PS_RECEIVER_IND = 9492
EVT_ID_SRV_SMS_PS_AT_IND = 9493
EVT_ID_SRV_SMS_PS_CB_MSG_IND = 9494
EVT_ID_SRV_SMS_PS_CB_GS_CHANGE_IND = 9495
EVT_ID_SRV_SMS_ASYNC_CALLBACK = 9496
EVT_ID_SRV_SMS_STARTUP_READ_ME_SMS = 9497
EVT_ID_SRV_GCALL_ACT = 9755
EVT_ID_SRV_GCALL_CNF = 9756
EVT_ID_GUI_INPUTS_CURSOR_CHANGED = 10707
EVT_ID_IME_CURSOR_UPDATED = 10708
EVT_ID_IME_INVOKE_SPELL_WORD_SCREEN = 10709
EVT_ID_IME_ENTRY_INPUT_METHOD_SCREEN = 10710
EVT_ID_INLINE_IMAGETEXT_PEN_UP = 10711
EVT_ID_USB_PERMIT_CFG = 12686
EVT_ID_USB_PERMIT_CFG_PRE_CHECK = 12687
EVT_ID_USB_ENTER_MS_MODE = 12688
EVT_ID_USB_EXIT_MS_MODE = 12689
EVT_ID_USB_PLUG_IN = 12690
EVT_ID_USB_CONFIG_RSP = 12691
EVT_ID_USB_MMI_NOTIFY = 12692
EVT_ID_USB_PLUG_OUT = 12693
EVT_ID_USB_PRE_EXIT_MODE = 12694
EVT_ID_USB_ALM_STATE = 12695
EVT_ID_MDI_AUDIO_SPEECH_STATUS_IND = 7607
EVT_ID_MDI_AUDIO_PRE_MODE_SWITCH = 7608
EVT_ID_MDI_AUDIO_MODE_SWITCHED = 7609
SRV_LE_CM_EVENT_CONNECT_REQ = 15555
SRV_LE_CM_EVENT_CONNECT_CNF = 15556
SRV_LE_CM_EVENT_DISCONNECT_REQ = 15557
SRV_LE_CM_EVENT_DISCONNECT_CNF = 15558
SRV_LE_CM_EVENT_VIS_CNF = 15559
SRV_LE_CM_EVENT_INQUIRY_IND = 15560
SRV_LE_CM_EVENT_INQUIRY_COMPLETE = 15561
SRV_LE_CM_EVENT_SET_VISIBILITY = 15562
SRV_LE_CM_EVENT_UPDATE_NAME = 15563
EVT_ID_SRV_CALLSET_ACT_RESPONSE = 9571
EVT_ID_SRV_CALLSET_LINE_SWITCHED = 9572
EVT_ID_SRV_CALLSET_CFU_STATUS_IND = 9573
EVT_ID_SRV_CALLSET_CTM_SETTING_CHANGED = 9574
EVT_ID_SRV_CALLSET_INT_ACT = 9575
EVT_ID_SRV_FLIP_TO_MUTE_CALL = 9576
EVT_ID_SRV_TAP_TAP_TO_RECORD_IN_CALL = 9577
EVT_ID_SRV_SS_INDICATION = 9622
EVT_ID_SRV_SS_ACT_RESPONSE = 9623
EVT_ID_SRV_SS_ACT_NOTIFY = 9624
EVT_ID_SRV_SS_INT_ACT = 9625
EVT_ID_SRV_DATE_AND_TIME_CHANGE = 24601
EVT_ID_SRV_DTCNT_WLAN_ACTIVE = 9315
EVT_ID_SRV_DTCNT_WLAN_CONNECTED = 9316
EVT_ID_SRV_DTCNT_WLAN_INACTIVE = 9317
EVT_ID_SRV_DTCNT_WLAN_SCAN = 9318
EVT_ID_SRV_DTCNT_WLAN_CONNECT = 9319
EVT_ID_SRV_DTCNT_WLAN_BEARER_STATUS = 9320
EVT_ID_SRV_DTCNT_WLAN_CONN_IND = 9321
EVT_ID_SRV_DTCNT_WLAN_DISC_IND = 9322
EVT_ID_SRV_DTCNT_WLAN_IPADDR_UPDATE = 9323
EVT_ID_SRV_DTCNT_WLAN_IPADDR_CONFLICT_IND = 9324
EVT_ID_SRV_DTCNT_WLAN_CURR_AP_INFO = 9325
EVT_ID_SRV_DTCNT_WLAN_WPS_INFO = 9326
EVT_ID_SRV_DTCNT_WLAN_CHANGE_BEARER_TO_WLAN = 9327
EVT_ID_SRV_DTCNT_WLAN_CHANGE_BEARER_TO_CELLULAR_NETWORK = 9328
EVT_ID_SRV_DTCNT_PROV_IND = 9329
EVT_ID_SRV_DTCNT_PROV_INSTALL_RES_IND = 9330
EVT_ID_SRV_DTCNT_PROV_DONE_IND = 9331
EVT_ID_SRV_DTCNT_ACCT_UPDATE_IND = 9332
EVT_ID_SRV_DTCNT_ACCT_DELETE_IND = 9333
EVT_ID_SRV_DTCNT_SIM_PREFERENCE_UPDATE_IND = 9334
EVT_ID_SRV_DTCNT_CHANGE_REAL_ACCT_IND = 9335
EVT_ID_SRV_DTCNT_WLAN_INIT_RES_IND = 9336
EVT_ID_SRV_DTCNT_WLAN_DEINIT_RES_IND = 9337
EVT_ID_SRV_DTCNT_WLAN_CONN_RES_IND = 9338
EVT_ID_SRV_DTCNT_WLAN_DISC_RES_IND = 9339
EVT_ID_SRV_DTCNT_WLAN_SCAN_RES_IND = 9340
EVT_ID_SRV_DTCNT_WLAN_IPADDR_CHANGE_QRY = 9341
EVT_ID_SRV_DTCNT_WIFI_CHIP_INVALID = 9342
EVT_ID_SRV_DTCNT_WLAN_SEARCH_AP_OPEN_IND = 9343
EVT_ID_SRV_DTCNT_WLAN_SEARCH_AP_CLOSE_IND = 9344
EVT_ID_SRV_DTCNT_BEARER_INIT_WLAN_AP_QUERY_IND = 9345
EVT_ID_SRV_DTCNT_BEARER_DEINIT_WLAN_AP_QUERY_IND = 9346
EVT_ID_SRV_DTCNT_WLAN_AP_LIST_QUERY_IND = 9347
EVT_ID_SRV_DTCNT_WLAN_LOGOUT_IND = 9348
EVT_ID_SRV_DTCNT_WLAN_IPADDR_CHANGE_CNF = 9349
EVT_ID_SRV_DTCNT_WLAN_SWITCH_SAME_SSID_IND = 9350
EVT_ID_SRV_DTCNT_NET_STATUS_IND = 9351
EVT_ID_SRV_DTCNT_WLAN_CONN_PROF = 9352
EVT_ID_SRV_DTCNT_WLAN_SLEEP = 9353
EVT_ID_IDLE_GROUP_ENTER = 25555
EVT_ID_IDLE_GROUP_EXIT = 25556
EVT_ID_IDLE_ENTER = 25557
EVT_ID_IDLE_EXIT = 25558
EVT_ID_IDLE_LAUNCHED = 25559
EVT_ID_IDLE_BEFORE_GROUP_ENTER = 25560
EVT_ID_IDLE_BEFORE_GROUP_EXIT = 25561
EVT_ID_IDLE_MAIN_NOTIFY_REQ = 25562
EVT_ID_IDLE_MAIN_UPDATE_REQ = 25563
EVT_ID_SCR_LOCKER_LOCKED = 25627
EVT_ID_SCR_LOCKER_UNLOCKED = 25628
EVT_ID_SLK_OBJ_CLOSE_REQ = 25629
EVT_ID_SLK_OBJ_CLOSED_IND = 25630
EVT_ID_SRV_NW_NAME_CHANGED = 25679
EVT_ID_SRV_NW_NAME_SIM_CHANGED_BY_SAT = 25680
EVT_ID_SRV_CLOG_READY = 26868
EVT_ID_SRV_CLOG_ADD_LOG = 26869
EVT_ID_SRV_CLOG_UPDATE_LOG = 26870
EVT_ID_SRV_CLOG_UPDATE_ALL = 26871
EVT_ID_SRV_CLOG_DEL_LOG = 26872
EVT_ID_SRV_CLOG_DEL_ALL = 26873
EVT_ID_SRV_REMINDER_BOOTUP_START = 27497
EVT_ID_SRV_REMINDER_BOOTUP_INIT = 27498
EVT_ID_SRV_REMINDER_BOOTUP_COMPLETE = 27499
EVT_ID_SRV_REMINDER_NOTIFY = 27500
EVT_ID_SRV_REMINDER_PWRRESET_REQ = 27501
EVT_ID_SRV_DATETIME_CHANGE = 28590
EVT_ID_SRV_ALM_OP = 29326
EVT_ID_SRV_CNMGR_NOTIFY_NWINFO = 29813
EVT_ID_SRV_SAFE_MODE_ACTIVE = 29958
EVT_ID_SOGPS_CONNECT_IND = 30211
EVT_ID_SOGPS_DISCONNECT_IND = 30212
EVT_ID_SOGPS_READY_TO_READ = 30213
EVT_ID_SOGPS_READY_TO_WRITE = 30214
AUD_ID_UCM_AUTO_ANSWER = 41042
AUD_ID_PROF_INTERNAL_BEGIN = 7764
AUD_ID_PROF_TONE_BEGIN = 7765
AUD_ID_PROF_TONE1 = 7766
AUD_ID_PROF_TONE2 = 7767
AUD_ID_PROF_TONE3 = 7768
AUD_ID_PROF_TONE4 = 7769
AUD_ID_PROF_TONE5 = 7770
AUD_ID_PROF_TONE_YOUR_CODE = 7771
AUD_ID_PROF_TONE_CHECK_REPORT = 7772
AUD_ID_PROF_TONE_FINISH = 7773
AUD_ID_PROF_TONE_WARN = 7774
AUD_ID_PROF_TONE_END = 7775
AUD_ID_PROF_RING_BEGIN = 7776
AUD_ID_PROF_RING1 = 7777
AUD_ID_PROF_RING2 = 7778
AUD_ID_PROF_RING3 = 7779
AUD_ID_PROF_RING4 = 7780
AUD_ID_PROF_RING5 = 7781
AUD_ID_PROF_RING_END = 7782
AUD_ID_PROF_INTERNAL_END = 7783
AUD_ID_PROF_EXT_BEGIN = 7784
AUD_ID_PROF_EXT1 = 7785
AUD_ID_PROF_EXT2 = 7786
AUD_ID_PROF_EXT3 = 7787
AUD_ID_PROF_EXT4 = 7788
AUD_ID_PROF_EXT5 = 7789
AUD_ID_PROF_EXT6 = 7790
AUD_ID_PROF_EXT7 = 7791
AUD_ID_PROF_EXT8 = 7792
AUD_ID_PROF_EXT9 = 7793
AUD_ID_PROF_EXT10 = 7794
AUD_ID_PROF_EXT11 = 7795
AUD_ID_PROF_EXT12 = 7796
AUD_ID_PROF_EXT13 = 7797
AUD_ID_PROF_EXT14 = 7798
AUD_ID_PROF_EXT15 = 7799
AUD_ID_PROF_EXT16 = 7800
AUD_ID_PROF_EXT17 = 7801
AUD_ID_PROF_EXT18 = 7802
AUD_ID_PROF_EXT19 = 7803
AUD_ID_PROF_EXT20 = 7804
AUD_ID_PROF_EXT_END = 7805
FE1_1_1_SHADOW_COLOR = 29886
FE1_1_2_SHADOW_COLOR = 29887
FE1_1_3_SHADOW_COLOR = 29888
FE1_1_4_SHADOW_COLOR = 29889
FE1_1_5_SHADOW_COLOR = 29890
FE1_1_6_SHADOW_COLOR = 29891
FE1_1_7_SHADOW_COLOR = 29892
FE1_1_8_SHADOW_COLOR = 29893
FE1_1_9_SHADOW_COLOR = 29894
FE2_2_3_OUTER_GLOW_COLOR = 29895
FE3_3_3_UPPER_ENGRAVED_COLOR = 29896
FE3_3_4_LOWER_ENGRAVED_COLOR = 29897
FE4_4_3_FIRST_GRADIENT_COLOR = 29898
FE4_4_4_SECOND_GRADIENT_COLOR = 29899
FE5_5_3_BORDER_COLOR = 29900
FE1_1_1_SHADOW_DEGREE = 29886
FE1_1_1_SHADOW_DISTANT = 29887
FE1_1_1_SHADOW_RANGE = 29888
FE1_1_1_SHADOW_TRANSPARENCY = 29889
FE1_1_2_SHADOW_DEGREE = 29890
FE1_1_2_SHADOW_DISTANT = 29891
FE1_1_2_SHADOW_RANGE = 29892
FE1_1_2_SHADOW_TRANSPARENCY = 29893
FE1_1_3_SHADOW_DEGREE = 29894
FE1_1_3_SHADOW_DISTANT = 29895
FE1_1_3_SHADOW_RANGE = 29896
FE1_1_3_SHADOW_TRANSPARENCY = 29897
FE1_1_4_SHADOW_DEGREE = 29898
FE1_1_4_SHADOW_DISTANT = 29899
FE1_1_4_SHADOW_RANGE = 29900
FE1_1_4_SHADOW_TRANSPARENCY = 29901
FE1_1_5_SHADOW_DEGREE = 29902
FE1_1_5_SHADOW_DISTANT = 29903
FE1_1_5_SHADOW_RANGE = 29904
FE1_1_5_SHADOW_TRANSPARENCY = 29905
FE1_1_6_SHADOW_DEGREE = 29906
FE1_1_6_SHADOW_DISTANT = 29907
FE1_1_6_SHADOW_RANGE = 29908
FE1_1_6_SHADOW_TRANSPARENCY = 29909
FE1_1_7_SHADOW_DEGREE = 29910
FE1_1_7_SHADOW_DISTANT = 29911
FE1_1_7_SHADOW_RANGE = 29912
FE1_1_7_SHADOW_TRANSPARENCY = 29913
FE1_1_8_SHADOW_DEGREE = 29914
FE1_1_8_SHADOW_DISTANT = 29915
FE1_1_8_SHADOW_RANGE = 29916
FE1_1_8_SHADOW_TRANSPARENCY = 29917
FE1_1_9_SHADOW_DEGREE = 29918
FE1_1_9_SHADOW_DISTANT = 29919
FE1_1_9_SHADOW_RANGE = 29920
FE1_1_9_SHADOW_TRANSPARENCY = 29921
FE2_2_1_OUTER_GLOW_RANGE = 29922
FE2_2_2_OUTER_GLOW_TRANSPARENCY = 29923
FE3_3_1_ENGRAVED_DEGREE = 29924
FE3_3_2_ENGRAVED_TRANSPARENCY = 29925
FE4_4_1_GRADIENT_DIRECTION = 29926
FE4_4_2_GRADIENT_TRANSPARENCY = 29927
FE5_5_1_BORDER_SIZE = 29928
FE5_5_2_BORDER_TRANSPARENCY = 29929
NVRAM_MRE_SRV_DA_SIM1 = 4803
NVRAM_MRE_SRV_DA_SIM1_PX = 4804
NVRAM_MRE_SRV_DA_SIM2 = 4805
NVRAM_MRE_SRV_DA_SIM2_PX = 4806
NVRAM_MRE_SRV_DA_SIM3 = 4807
NVRAM_MRE_SRV_DA_SIM3_PX = 4808
NVRAM_MRE_SRV_DA_SIM4 = 4809
NVRAM_MRE_SRV_DA_SIM4_PX = 4810
NVRAM_MRE_SRV_DA_IS_WIFI_ONLY = 4811
NVRAM_BT_RECEIVE_DRIVE = 30536
NVRAM_BT_RECEIVE_DRIVE_ASK = 30537
NVRAM_BT_POWER_STATUS = 30538
NVRAM_POWER_ON_DISPLAY_SUCCESS = 30987
NVRAM_IMGVIEW_VIEW_SYTLE = 31484
NVRAM_IMGVIEW_STORAGE = 31485
NVRAM_AUDPLY_SINGLE_VOL = 31827
CURRENT_CITY = 33557
FOREIGN_CITY = 33558
NVRAM_SETTING_DT_DST = 33559
NVRAM_TIMEZONE = 33560
NVRAM_WC_DST = 33561
NVRAM_FRN_TIMEZONE = 33562
NVRAM_DOWNLOAD_CITY1 = 33563
NVRAM_DOWNLOAD_CITY2 = 33564
NVRAM_DISPCHAR_AVATAR_WPSS = 35916
NARAM_DISPCHAR_AVATAR_ONOFF = 35917
NVRAM_DISPCHAR_AVATAR_WPSS_SERIALNUM = 35918
NVRAM_DISPCHAR_AVATAR_ONOFF_SERIALNUM = 35919
NVRAM_WALLPAPER_ROTATE_STATUS = 35920
NVRAM_PHNSET_LIVE_WALLPAPER = 35921
NVRAM_FUNANDGAMES_SETWALLPAPER = 35922
RESTORE_DEFAULT_FUNANDGAMES_SETWALLPAPER = 35923
NVRAM_SETWALLPAPER_SUB = 35924
RESTORE_DEFAULT_SETWALLPAPER_SUB = 35925
NVRAM_RESTORE_POWER_ON_DISPLAY = 36118
NVRAM_RESTORE_POWER_OFF_DISPLAY = 36119
NVRAM_CURRENT_POWER_ON_DISPLAY = 36120
NVRAM_CURRENT_POWER_OFF_DISPLAY = 36121
NVRAM_SETTING_OWNER_NO = 37145
RESTORE_DEFAULT_OWNER_NO = 37146
NVRAM_SETTING_STATUS_DT_TIME = 37147
NVRAM_AUTOUPDATE_DT_STATUS = 37148
NVRAM_UPDATE_DATETIME_MODE = 37149
NVRAM_RTC_TIME = 37150
NVRAM_PHNSET_MAIN_MENU_STYLE = 37151
RESTORE_DEFAULT_AUTOUPDATE_TIME = 39294
NVRAM_PROFILES_ACTIVATED = 7764
NVRAM_PROFILES_LASTACTIVATED = 7765
NVRAM_SRV_PROF_EXT_MELODY_BITS = 7766
NVRAM_SMS_ACTIVE_PROFILE_INDEX = 9467
NVRAM_SMS_MISCELL_SETTING = 9468
NVRAM_SMS_CONCAT_MSG_REF_VALUE = 9469
NVRAM_IME_SMART_MODE_CONFIG = 23469
NVRAM_IME_AUTO_CAPITALIZATION_FLAG = 23470
NVRAM_IME_AUTO_COMPLETION_FLAG = 23471
NVRAM_IME_ALPHABETIC_WORD_PREDICTION_FLAG = 23472
NVRAM_IME_CHINESE_WORD_PREDICTION_FLAG = 23473
NVRAM_IME_AUTO_SPACE_FLAG = 23474
NVRAM_IME_VIBRATION_FLAG = 23475
NVRAM_IME_SOUND_FEEDBACK_FLAG = 23476
NVRAM_IME_INPUT_PATTERN = 23477
NVRAM_SETTING_PREFER_INPUT_METHOD = 23478
RESTORE_PREFER_INPUT_METHOD = 23479
NVRAM_SETTING_WRITING_LANG = 23480
NVRAM_SETTING_WRITING_LANG_SUB = 23481
NVRAM_SETTING_ENABLED_WRITING_LANGUAGE = 23482
NVRAM_SETTING_PEN_SPEED = 23483
NVRAM_SETTING_LANGUAGE_FOLLOW_VK = 23484
NVRAM_SETTING_HANDWRITING_ON = 23485
NVRAM_SETTING_PEN_WIDTH = 23486
NVRAM_SETTING_STROKE_COLOR_INDEX = 23487
NVRAM_EF_FMGR_SORT_OPTION_LID = 11877
NVRAM_DEFAULT_USB_APP = 12686
NRRAM_GPS_LOGGING_SWITCH = 7607
NVRAM_GPS_PAYLOAD_STORAGE = 7608
NVRAM_SETTING_CONTRAST_LEVEL = 23592
NVRAM_SETTING_CONTRAST_SUBLCD_LEVEL = 23593
NVRAM_NORMAL_MODE_VOICE_LEVEL = 23594
NVRAM_LDSPK_MODE_VOICE_LEVEL = 23595
NVRAM_HDSET_MODE_VOICE_LEVEL = 23596
NVRAM_BYTE_LED_SETTING = 23597
NVRAM_BYTE_BL_SETTING_LEVEL = 23598
NVRAM_BYTE_BL_SETTING_HFTIME = 23599
NVRAM_BYTE_COVER_CLOSE_BACK_TO_IDLE = 23600
NVRAM_BYTE_COVER_CLOSE_REJECT_CALL = 23601
NVRAM_BYTE_COVER_CLOSE_KEYPAD_LOCK = 23602
NVRAM_SETTING_PICTURE_QUALITY = 23623
BT_BQB_TEST = 15533
NVRAM_NETSET_PREFERRED_MODE = 23654
NVRAM_NETSET_PREFERRED_MODE_PREV_RF_MODE = 23655
NVRAM_NETSET_3G_CAPACITY_SIM = 23656
NVRAM_CALLSET_CTR_MODE = 9571
NVRAM_CALLSET_ANSWER_MODE = 9572
NVRAM_CALLSET_CALL_TIME_DISPLAY = 9573
NVRAM_CALLSET_REDIAL = 9574
NVRAM_CALLSET_QUICK_END_FLAG = 9575
NVRAM_CALLSET_CTR_TIME = 9576
NVRAM_CALLSET_QUICK_END_TIME = 9577
NVRAM_CALLSET_FLIP_TO_MUTE_CALL = 9578
NVRAM_CALLSET_TAP_TAP_TO_RECORD_IN_CALL = 9579
NVRAM_DUALMODE_MODE_SWITCH_TYPE = 24455
NVRAM_RESTORE_DEFAULT_PEN_CALIBRATION_VALUE1 = 24466
NVRAM_RESTORE_DEFAULT_PEN_CALIBRATION_VALUE2 = 24467
NVRAM_RESTORE_DEFAULT_PEN_CALIBRATION_VALUE3 = 24468
NVRAM_RESTORE_DEFAULT_PEN_CALIBRATION_VALUE4 = 24469
NVRAM_RESTORE_DEFAULT_PEN_CALIBRATION_VALUE5 = 24470
NVRAM_RESTORE_DEFAULT_PEN_CALIBRATION_VALUE6 = 24471
NVRAM_RESTORE_DEFAULT_PEN_CALIBRATION_VALUE7 = 24472
NVRAM_RESTORE_DEFAULT_PEN_CALIBRATION_VALUE8 = 24473
NVRAM_PEN_CALIBRATION_VALUE1 = 24474
NVRAM_PEN_CALIBRATION_VALUE2 = 24475
NVRAM_PEN_CALIBRATION_VALUE3 = 24476
NVRAM_PEN_CALIBRATION_VALUE4 = 24477
NVRAM_PEN_CALIBRATION_VALUE5 = 24478
NVRAM_PEN_CALIBRATION_VALUE6 = 24479
NVRAM_PEN_CALIBRATION_VALUE7 = 24480
NVRAM_PEN_CALIBRATION_VALUE8 = 24481
TIME_FORMAT = 24497
DATE_FORMAT = 24498
RESTORE_DEFAULT_TIME_FORMAT = 24499
RESTORE_DEFAULT_DATE_FORMAT = 24500
NVRAM_DT_SEP_FORMAT = 24501
NVRAM_SETTING_LANG = 24502
GPS_TIME_SYNC_MODE = 24601
SRV_DT_TIME_ZONE = 24602
NVRAM_IDLE_DIALER_TTS_SETTING = 25658
NVRAM_SETTING_AUTOKEYPADLOCK = 25627
NVRAM_SETTING_AUTOKEYPADLOCK_TIME = 25628
NVRAM_EF_SENSOR_UI_ROTATION_SWITCH = 27475
NVRAM_REMINDER_TURNOVER_SENSOR_STATE = 27497
NVRAM_SRV_SNDREC_STORAGE = 27549
NVRAM_SRV_SNDREC_QUALITY = 27550
NVRAM_AUTO_VM_SETTING_AUTO_VM = 27551
NVRAM_PHB_SPEAK_NAME_ON_OFF = 29378
NVRAM_PHB_STARTUP_COPY_SIM = 29379
NVRAM_PHB_STARTUP_COPY_SIM2 = 29380
NVRAM_PHB_STARTUP_COPY_SIM3 = 29381
NVRAM_PHB_STARTUP_COPY_SIM4 = 29382
NVRAM_PHB_NAME_DISPLAY_TYPE = 29383
NVRAM_PHB_STORAGE_LOCATION = 29384
NVRAM_PHB_NAME_LIST_FILTER = 29385
NVRAM_PHB_VCARD_VERSION = 29386
NVRAM_PHB_SAVE_CONTACT_NOTIFY = 29387
NVRAM_SSC_DISABLE_FLAG = 29388
NVRAM_IDLE_DIALER_SEARCH_SETTING = 29389
NVRAM_SETTING_SPEED_DIAL = 29390
NVRAM_PHB_PBAPC_NAME_ORDER = 29391
NVRAM_SETTING_AUTOUPDATE_DT_TIME_STATUS = 29564
IMG_BT_MENU_TITLE = 30536
IMG_BT_SCH_TITLE = 30537
IMG_BT_DEV_PRT = 30538
IMG_BT_DEV_LAP = 30539
IMG_BT_DEV_MOB = 30540
IMG_BT_DEV_EAR = 30541
IMG_BT_DEV_OTHER = 30542
IMG_BT_CONNECTION_DATA = 30543
IMG_SECSET_MENU_ENTRY = 31281
IMG_ID_AUDPLY_PLAY_ANIMATION = 31827
SUN_ICON2 = 33557
MOON_ICON = 33558
WORLD_CLOCK_IMAGE1 = 33559
WORLD_CLOCK_IMAGE2 = 33560
WORLD_CLOCK_IMAGE3 = 33561
IMG_ID_CALLSET_CALL_SETTING = 33758
IMG_ID_DTCNT_CHECKMARK = 34284
SERVICES_DATA_CONNECT_IMAGE_ID = 34285
IMG_ID_CLOG_MAIN_ICON = 34850
IMG_ID_CLOG_DELETE_BOX = 34851
IMG_ID_CLOG_ALL_CALL = 34852
IMG_ID_CLOG_DIALED_CALL = 34853
IMG_ID_CLOG_MISSED_CALL = 34854
IMG_ID_CLOG_RECVED_CALL = 34855
IMG_ID_CLOG_UNKOWN_CALL = 34856
IMG_ID_PROF_ACTIVATED = 35182
IMG_ID_FMGR_DRIVE_PHONE = 35413
IMG_ID_FMGR_ICON_FILE_TYPE_FOLDER = 35414
IMG_ID_FMGR_ICON_FILE_TYPE_UNKNOWN = 35415
IMG_SETTING_PHONE = 37145
IMG_SCR_SETTING_CAPTION = 37146
IMG_SETTING_STORE = 37346
IMG_SETTING_NETWORK = 37378
IMG_ID_NETSET_HOME_PLMN = 37379
IMG_ID_NETSET_UNKNOWN_PLMN = 37380
IMG_ID_NETSET_FORBIDDEN_PLMN = 37381
ALARMS_EDIT_SOFTKEY_IMAGEID = 39243
IMG_ALM_AUD_OPT = 39244
IMG_ID_NITZ_CONFIRM = 39294
IMG_ID_NTP_ICON = 39315
ORGANIZER_TITLE_IMAGEID = 39437
IMG_ID_UCM_CALL_STATE_ACTIVE = 41042
IMG_ID_UCM_CALL_STATE_HOLD = 41043
IMG_SMS_VMAIL_MENUENTRY = 41487
IMG_ID_SMS_MSG_SETTINGS_MENUENTRY = 41488
IMG_ID_SMS_PROFILE_NAME = 41489
IMG_ID_SMS_PROFILE_SC = 41490
IMG_ID_SMS_PROFILE_VP = 41491
IMG_ID_SMS_PROFILE_MSG_TYPE = 41492
IMG_SMS_COMMON_NOIMAGE = 41493
IMG_SMS_ENTRY_SCRN_CAPTION = 41494
IMG_SMS_CB_MENUENTRY = 41495
IMG_MESSAGE_SMS_MENUENTRY = 41496
IMG_NEW_MESSAGE_NOTIFICATION_MSG = 41497
IMG_NEW_SMS_PIC_SUBLCD_MSG = 41498
IMG_NEW_VOICEMAIL_PIC_SUBLCD_MSG = 41499
IMG_NEW_SMS_SEND = 41500
IMG_MESSAGE_READ = 41501
IMG_MESSAGE_UNREAD = 41502
IMG_MESSAGE_SS_NCOMP = 41503
IMG_MSG_TB_ICON_VOICEMAIL_L1 = 41504
IMG_MSG_TB_ICON_VOICEMAIL_L2 = 41505
MAIN_MENU_TITLE_ICON = 42642
MAIN_MENU_ICON_IMGBASE = 42643
MAIN_MENU_PHONEBOOK_ICON = 42644
MAIN_MENU_MESSAGES_ICON = 42645
MAIN_MENU_FUNANDGAMES_ICON = 42646
MAIN_MENU_MRE_ICON = 42647
MAIN_MENU_ORGANIZER_ICON = 42648
MAIN_MENU_SETTINGS_ICON = 42649
MAIN_MENU_CONNECTIVITY_ICON = 42650
MAIN_MENU_SERVICES_ICON = 42651
MAIN_MENU_PROFILES_ICON = 42652
MAIN_MENU_CALL_LOG_ICON = 42653
MAIN_MENU_MULTIMEDIA_ICON = 42654
MAIN_MENU_FILEMNGR_ICON = 42655
MAIN_MENU_EXTRA_ICON = 42656
MAIN_MENU_TOOLS_ICON = 42657
MAIN_MENU_LIST_ICON_IMGBASE = 42658
MAIN_MENU_LIST_PHONEBOOK_ICON = 42659
MAIN_MENU_LIST_MESSAGES_ICON = 42660
MAIN_MENU_LIST_FUNANDGAMES_ICON = 42661
MAIN_MENU_LIST_MRE_ICON = 42662
MAIN_MENU_LIST_CONNECTIVITY_ICON = 42663
MAIN_MENU_LIST_ORGANIZER_ICON = 42664
MAIN_MENU_LIST_SETTINGS_ICON = 42665
MAIN_MENU_LIST_WLAN_ICON = 42666
MAIN_MENU_LIST_SHORTCUTS_ICON = 42667
MAIN_MENU_LIST_SERVICES_ICON = 42668
MAIN_MENU_LIST_PROFILES_ICON = 42669
MAIN_MENU_LIST_CALL_LOG_ICON = 42670
MAIN_MENU_LIST_MULTIMEDIA_ICON = 42671
MAIN_MENU_LIST_FILEMNGR_ICON = 42672
MAIN_MENU_LIST_EXTRA_ICON = 42673
MAIN_MENU_LIST_TOOLS_ICON = 42674
MAIN_MENU_LIST_ICON_IMGBASE_MAX = 42675
MAIN_MENU_TITLE_EMPTY_ICON = 42676
MAIN_MENU_TITLE_ICON_BASE = 42677
MAIN_MENU_TITLE_PHONEBOOK_ICON = 42678
MAIN_MENU_TITLE_MESSAGES_ICON = 42679
MAIN_MENU_TITLE_FUNANDGAMES_ICON = 42680
MAIN_MENU_TITLE_MRE_ICON = 42681
MAIN_MENU_TITLE_ORGANIZER_ICON = 42682
MAIN_MENU_TITLE_SETTINGS_ICON = 42683
MAIN_MENU_TITLE_PROFILES_ICON = 42684
MAIN_MENU_TITLE_WLAN_ICON = 42685
MAIN_MENU_TITLE_SHORTCUTS_ICON = 42686
MAIN_MENU_TITLE_SERVICES_ICON = 42687
MAIN_MENU_TITLE_CALL_LOG_ICON = 42688
MAIN_MENU_TITLE_MULTIMEDIA_ICON = 42689
MAIN_MENU_TITLE_FILE_MNGR_ICON = 42690
MAIN_MENU_TITLE_EXTRA_APP_ICON = 42691
MAIN_MENU_TITLE_TOOLS_ICON = 42692
IMG_SCR_PBOOK_CAPTION = 8192
IMG_PHB_SETTINGS = 8193
IMG_NAME = 8194
IMG_MOBILE_NUMBER = 8195
IMG_MORE_DETAILS = 8196
IMG_ID_PHB_NEW_NUMBER = 8197
IMG_PICTURE = 8198
IMG_RING_TONE = 8199
IMG_STORAGE_SIM = 8200
IMG_STORAGE_HANDSET = 8201
IMG_SI_SIGNAL_STRENGTH = 5474
IMG_SI_LINE_L1 = 5475
IMG_SI_LINE_L2 = 5476
IMG_SI_BATTERY_STRENGTH = 5477
IMG_SI_KEYPAD_LOCK = 5478
IMG_SI_VIBRATE = 5479
IMG_SI_SILENT = 5480
IMG_SI_RING = 5481
IMG_SI_VIBRATE_AND_RING = 5482
IMG_SI_VIBRATE_THEN_RING = 5483
IMG_SI_ALARM_ACTIVATED = 5484
IMG_SI_ROAMING_INDICATOR = 5485
IMG_SI_MISSED_CALL_INDICATOR = 5486
IMG_SI_EARPHONE_INDICATOR = 5487
IMG_SI_USB = 5488
IMG_SI_BT = 5489
IMG_SI_BT_CON = 5490
IMG_SI_BT_BLE_CON = 5491
IMG_SI_BT_DUAL_CON = 5492
IMG_SI_UNREAD_VOICE = 5493
IMG_SI_SMS_INDICATOR = 5494
IMG_SI_FULL_SMS_INDICATOR = 5495
IMG_SI_CALL_DIVERT_L1 = 5496
IMG_SI_CALL_DIVERT_L2 = 5497
IMG_SI_CALL_DIVERT_L1L2 = 5498
IMG_SI_MUTE = 5499
IMG_SI_OUTBOX_INDICATOR = 5500
IMG_SI_AGPS_STATE = 5501
IMG_SI_MRE_DEFAULT = 5502
IMG_SI_MRE_FETION = 5503
IMG_SI_MRE_MSN = 5504
IMG_SI_MRE_PUSHMAIL = 5505
IMG_SI_MRE_QQ = 5506
IMG_SI_MRE_PUSH = 5507
IMG_SI_CSD = 5508
IMG_SI_EDGE = 5509
IMG_SI_EDGEC = 5510
IMG_SI_GPRS_INDICATOR = 5511
IMG_SI_GPRS_ATT_NO_PDP_INDICATOR = 5512
IMG_ID_GPS_SETTING_MENU_ICON = 7506
IMG_ID_GPS_AGPS_STATE_ICON = 7507
IMG_ID_GCALL_OUTGOING = 9755
IMG_ID_GCALL_CALL_ENDED = 9756
WGUI_VOLUME_BG = 10707
WGUI_VOLUME_FILL = 10708
WGUI_SLIDE_CONTROL_BG_IMAGE_ID = 10709
WGUI_SLIDE_CONTROL_SI_IMAGE_ID = 10710
IMG_SELECTOR_FILLER = 10711
WGUI_INPUT_INFORMATION_ICON1 = 10712
IMG_INLINE_BUTTON_HIGHLIGHT_UP_BG = 10713
IMG_INLINE_BUTTON_NORMAL_UP_BG = 10714
IMG_INLINE_BUTTON_HIGHLIGHT_DOWN_BG = 10715
IMG_INLINE_BUTTON_NORMAL_DOWN_BG = 10716
IMG_H_SELECT_LEFT = 10717
IMG_H_SELECT_RIGHT = 10718
RIGHT_RED_ARROW = 10719
LEFT_RED_ARROW = 10720
IMG_PERCENTAGE_BAR_LEFT_IMAGE = 10721
IMG_PERCENTAGE_BAR_RIGHT_IMAGE = 10722
IMG_PERCENTAGE_BAR_BG_IMAGE = 10723
GUI_COLOR_SLIDER_ARROW_IMAGE_ID = 10724
WGUI_IMG_TEXT_BG_PREVIEW = 10725
IMG_CAT412_PROG_BAR_BG = 10726
IMG_CAT412_PROG_BAR_FULL = 10727
IMG_STATUS_ICON_TIME_AM = 10728
IMG_STATUS_ICON_TIME_PM = 10729
IMG_STATUS_ICON_TIME_AM_CH = 10730
IMG_STATUS_ICON_TIME_PM_CH = 10731
SMALL_CHECKBOX_ON_IMAGE_ID = 10732
SMALL_CHECKBOX_OFF_IMAGE_ID = 10733
IMG_BOOTUP_SCANNING_LOGO = 10734
RADIO_ON_IMAGE_ID = 10735
RADIO_OFF_IMAGE_ID = 10736
CHECKBOX_ON_IMAGE_ID = 10737
CHECKBOX_OFF_IMAGE_ID = 10738
IMG_ID_CHARGER_CHARGING = 11633
IMG_ID_CHARGER_DONE = 11634
IMG_MENU_ID_CONNECTIVITY_ICON = 12680
IMG_ID_APP_DEVAPP = 43471
IMG_PHB_DEFAULT = 29378
