iotlock\ata\src\Atatest.c
iotlock\ble\bikesw\src\Bkss.c
iotlock\ble\bikesw\src\BkssSrv.c
iotlock\ble\bikesw\src\aes.c
iotlock\ble\bikesw\wechatSrc\ble_wechat_util.c
iotlock\ble\bikesw\wechatSrc\epb.c
iotlock\ble\bikesw\wechatSrc\epb_MmBp.c
iotlock\ble\bikesw\wechatSrc\md5.c
iotlock\drv\src\lock_drv.c
iotlock\ecg\src\fft.c
iotlock\ecg\src\ha.c
iotlock\ecg\src\hrv.c
iotlock\ecg\src\htz.c
iotlock\ecg\src\imath.c
iotlock\ecg\src\median.c
iotlock\ecg\src\mood.c
iotlock\ecg\src\noise.c
iotlock\ecg\src\nsk_ecg_core.c
iotlock\ecg\src\nsk_ecg_core_state.c
iotlock\ecg\src\nsk_ecg_ext.c
iotlock\ecg\src\prep.c
iotlock\ecg\src\resampler.c
iotlock\ecg\src\rhr.c
iotlock\ecg\src\rpeak.c
iotlock\ecg\src\rsa.c
iotlock\ecg\src\spectr.c
iotlock\ecg\src\sq.c
iotlock\ecg\src\stress.c
iotlock\gprs\src\aes_tiny.c
iotlock\gprs\src\base64.c
iotlock\gprs\src\linked_list.c
iotlock\gprs\src\lock_net.c
iotlock\gprs\src\lock_utils.c
iotlock\gps\src\lock_gps.c
iotlock\src\iotlock.c
